This is pdfTeX, Version 3.1415926-2.3-1.40.12 (TeX Live 2011) (format=pdflatex 2012.3.18)  18 MAY 2012 17:28
entering extended mode
 restricted \write18 enabled.
 %&-line parsing enabled.
**paper.tex
(./paper.tex
LaTeX2e <2011/06/27>
Babel <v3.8m> and hyphenation patterns for english, dumylang, nohyphenation, ge
rman-x-2011-07-01, ngerman-x-2011-07-01, afrikaans, ancientgreek, ibycus, arabi
c, armenian, basque, bulgarian, catalan, pinyin, coptic, croatian, czech, danis
h, dutch, ukenglish, usenglishmax, esperanto, estonian, ethiopic, farsi, finnis
h, french, galician, german, ngerman, swissgerman, monogreek, greek, hungarian,
 icelandic, assamese, bengali, gujarati, hindi, kannada, malayalam, marathi, or
iya, panjabi, tamil, telugu, indonesian, interlingua, irish, italian, kurmanji,
 lao, latin, latvian, lithuanian, mongolian, mongolianlmc, bokmal, nynorsk, pol
ish, portuguese, romanian, russian, sanskrit, serbian, serbianc, slovak, sloven
ian, spanish, swedish, turkish, turkmen, ukrainian, uppersorbian, welsh, loaded
.
(/mnt/texlive/texmf-dist/tex/latex/memoir/memoir.cls
Document Class: memoir 2011/03/06 v3.6j configurable book, report, article docu
ment class
\onelineskip=\skip41
\lxvchars=\skip42
\xlvchars=\skip43
\@memcnta=\count79
\c@@memmarkcntra=\count80
(/mnt/texlive/texmf-dist/tex/generic/oberdiek/ifpdf.sty
Package: ifpdf 2011/01/30 v2.3 Provides the ifpdf switch (HO)
Package ifpdf Info: pdfTeX in PDF mode is detected.
)
(/mnt/texlive/texmf-dist/tex/latex/ifetex/ifetex.sty
Package: ifetex 2011/12/15 v1.2 ifetex

(/mnt/texlive/texmf-dist/tex/plain/ifetex/ifetex.tex))
(/mnt/texlive/texmf-dist/tex/generic/ifxetex/ifxetex.sty
Package: ifxetex 2010/09/12 v0.6 Provides ifxetex conditional
)
(/mnt/texlive/texmf-dist/tex/generic/oberdiek/ifluatex.sty
Package: ifluatex 2010/03/01 v1.3 Provides the ifluatex switch (HO)
Package ifluatex Info: LuaTeX not detected.
)
\stockheight=\skip44
\stockwidth=\skip45
\trimtop=\skip46
\trimedge=\skip47

(/mnt/texlive/texmf-dist/tex/latex/etex-pkg/etex.sty
Package: etex 1998/03/26 v2.0 eTeX basic definition package (PEB)
\et@xins=\count81
)
(/mnt/texlive/texmf-dist/tex/latex/memoir/mem12.clo
File: mem12.clo 2010/10/19 v0.4b memoir class 12pt size option
)
\binding=\skip48
\spinemargin=\skip49
\foremargin=\skip50
\uppermargin=\skip51
\lowermargin=\skip52
\headdrop=\skip53
\normalrulethickness=\skip54
\mem@maxheadheight=\skip55
\mem@maxfootheight=\skip56
\headwidth=\skip57
\c@storedpagenumber=\count82
\memPD=\dimen102
\m@mabparskip=\skip58
\thanksmarkwidth=\skip59
\thanksmarksep=\skip60
\droptitle=\skip61
\c@book=\count83
\c@part=\count84
\c@chapter=\count85
\c@section=\count86
\c@subsection=\count87
\c@subsubsection=\count88
\c@paragraph=\count89
\c@subparagraph=\count90
\beforechapskip=\skip62
\midchapskip=\skip63
\afterchapskip=\skip64
\chapindent=\skip65
\bottomsectionskip=\skip66
\secindent=\skip67
\beforesecskip=\skip68
\aftersecskip=\skip69
\subsecindent=\skip70
\beforesubsecskip=\skip71
\aftersubsecskip=\skip72
\subsubsecindent=\skip73
\beforesubsubsecskip=\skip74
\aftersubsubsecskip=\skip75
\paraindent=\skip76
\beforeparaskip=\skip77
\afterparaskip=\skip78
\subparaindent=\skip79
\beforesubparaskip=\skip80
\aftersubparaskip=\skip81
\pfbreakskip=\skip82
\c@@ppsavesec=\count91
\c@@ppsaveapp=\count92
\ragrparindent=\dimen103
\everylistparindent=\dimen104
\parsepi=\skip83
\topsepi=\skip84
\itemsepi=\skip85
\parsepii=\skip86
\topsepii=\skip87
\topsepiii=\skip88
\itemsepii=\skip89
\itemsepiii=\skip90
\partopsepii=\skip91
\partopsepiii=\skip92
\m@msavetopsep=\skip93
\m@msavepartopsep=\skip94
\@enLab=\toks14
\abstitleskip=\skip95
\absleftindent=\skip96
\abs@leftindent=\dimen105
\absrightindent=\skip97
\absparindent=\skip98
\absparsep=\skip99
\c@vslineno=\count93
\c@poemline=\count94
\c@modulo@vs=\count95
\c@memfvsline=\count96
\vleftskip=\skip100
\vrightskip=\skip101
\stanzaskip=\skip102
\versewidth=\skip103
\vgap=\skip104
\vindent=\skip105
\vleftmargin=\dimen106
\c@verse=\count97
\c@chrsinstr=\count98
\beforepoemtitleskip=\skip106
\afterpoemtitleskip=\skip107
\c@poem=\count99
\beforePoemTitleskip=\skip108
\midPoemTitleskip=\skip109
\afterPoemTitleskip=\skip110
\col@sep=\dimen107
\extrarowheight=\dimen108
\NC@list=\toks15
\extratabsurround=\skip111
\backup@length=\skip112
\TX@col@width=\dimen109
\TX@old@table=\dimen110
\TX@old@col=\dimen111
\TX@target=\dimen112
\TX@delta=\dimen113
\TX@cols=\count100
\TX@ftn=\toks16
\heavyrulewidth=\dimen114
\lightrulewidth=\dimen115
\cmidrulewidth=\dimen116
\belowrulesep=\dimen117
\belowbottomsep=\dimen118
\aboverulesep=\dimen119
\abovetopsep=\dimen120
\cmidrulesep=\dimen121
\cmidrulekern=\dimen122
\defaultaddspace=\dimen123
\@cmidla=\count101
\@cmidlb=\count102
\@aboverulesep=\dimen124
\@belowrulesep=\dimen125
\@thisruleclass=\count103
\@lastruleclass=\count104
\@thisrulewidth=\dimen126
\ctableftskip=\skip113
\ctabrightskip=\skip114
\abovecolumnspenalty=\count105
\@linestogo=\count106
\@cellstogo=\count107
\@cellsincolumn=\count108
\crtok=\toks17
\@mincolumnwidth=\dimen127
\c@newflo@tctr=\count109
\mem@margin@floatbox=\box26
\@contcwidth=\skip115
\@contindw=\skip116
\abovecaptionskip=\skip117
\belowcaptionskip=\skip118
\subfloattopskip=\skip119
\subfloatcapskip=\skip120
\subfloatcaptopadj=\skip121
\subfloatbottomskip=\skip122
\subfloatlabelskip=\skip123
\subfloatcapmargin=\dimen128
\c@@contsubnum=\count110
\m@mscap@capbox=\box27
\m@mscap@fbox=\box28
\sidecapsep=\dimen129
\sidecapwidth=\dimen130
\m@m@tempdima=\dimen131
\m@mscapraise=\dimen132
\sidecapraise=\dimen133
\m@mscapmainwidth=\dimen134
\m@mscaplkern=\dimen135
\beforeepigraphskip=\skip124
\afterepigraphskip=\skip125
\epigraphwidth=\skip126
\epigraphrule=\skip127
LaTeX Info: Redefining \em on input line 7377.
LaTeX Info: Redefining \emph on input line 7385.
\tocentryskip=\skip128
\tocbaseline=\skip129
\cftparskip=\skip130
\cftbeforebookskip=\skip131
\cftbookindent=\dimen136
\cftbooknumwidth=\dimen137
\cftbeforepartskip=\skip132
\cftpartindent=\skip133
\cftpartnumwidth=\skip134
\cftbeforechapterskip=\skip135
\cftchapterindent=\skip136
\cftchapternumwidth=\skip137
\cftbeforesectionskip=\skip138
\cftsectionindent=\skip139
\cftsectionnumwidth=\skip140
\cftbeforesubsectionskip=\skip141
\cftsubsectionindent=\skip142
\cftsubsectionnumwidth=\skip143
\cftbeforesubsubsectionskip=\skip144
\cftsubsubsectionindent=\skip145
\cftsubsubsectionnumwidth=\skip146
\cftbeforeparagraphskip=\skip147
\cftparagraphindent=\skip148
\cftparagraphnumwidth=\skip149
\cftbeforesubparagraphskip=\skip150
\cftsubparagraphindent=\skip151
\cftsubparagraphnumwidth=\skip152
\prechapterprecisshift=\dimen138
\c@maxsecnumdepth=\count111
\bibindent=\dimen139
\bibitemsep=\skip153
\indexcolsep=\skip154
\indexrule=\skip155
\indexmarkstyle=\toks18
\@indexbox=\insert233
\glossarycolsep=\dimen140
\glossaryrule=\dimen141
\sideparvshift=\skip156
\sideins=\insert232
\sidebartopsep=\skip157
\sidebarhsep=\skip158
\sidebarvsep=\skip159
\sidebarwidth=\skip160
\footmarkwidth=\skip161
\footmarksep=\skip162
\footparindent=\skip163
\footinsdim=\skip164
\footinsv@r=\insert231
\@mpfootinsv@r=\insert230
\m@m@k=\count112
\m@m@h=\dimen142
\m@mipn@skip=\skip165
\sidefootins=\insert229
\sidefootadjust=\skip166
\sidefootheight=\skip167
\sidefoothsep=\skip168
\sidefootvsep=\skip169
\sidefootwidth=\skip170
\m@mdownsf=\skip171
\c@sidefootnote=\count113
\sidefootmarkwidth=\skip172
\sidefootmarksep=\skip173
\sidefootparindent=\skip174
\c@pagenote=\count114
\c@pagenoteshadow=\count115
\mem@pn@lastkern=\skip175
\every@verbatim=\toks19
\afterevery@verbatim=\toks20
\verbatim@line=\toks21
\tab@position=\count116
\verbatim@in@stream=\read1
\verbatimindent=\skip176
\verbatim@out=\write3
\bvboxsep=\skip177
\c@memfbvline=\count117
\c@bvlinectr=\count118
\bvnumlength=\skip178
\fb@frw=\dimen143
\fb@frh=\dimen144
\FrameRule=\dimen145
\FrameSep=\dimen146
\c@cp@cntr=\count119
LaTeX Info: Redefining \: on input line 11807.
LaTeX Info: Redefining \! on input line 11809.
\c@ism@mctr=\count120
\c@xsm@mctr=\count121
\c@csm@mctr=\count122
\c@ksm@mctr=\count123
\c@xksm@mctr=\count124
\c@cksm@mctr=\count125
\c@msm@mctr=\count126
\c@xmsm@mctr=\count127
\c@cmsm@mctr=\count128
\c@bsm@mctr=\count129
\c@workm@mctr=\count130
\c@sheetsequence=\count131
\c@lastsheet=\count132
\c@lastpage=\count133
\c@figure=\count134
\c@lofdepth=\count135
\cftbeforefigureskip=\skip179
\cftfigureindent=\skip180
\cftfigurenumwidth=\skip181
\c@table=\count136
\c@lotdepth=\count137
\cftbeforetableskip=\skip182
\cfttableindent=\skip183
\cfttablenumwidth=\skip184
Package abstract [2008/07/23] emulated by memoir.
Package appendix [2008/07/23] emulated by memoir.
Package array [2008/07/23] emulated by memoir.
Package booktabs [2008/07/23] emulated by memoir.
Package ccaption [2008/07/23] emulated by memoir.
Package changepage [2008/07/23] emulated by memoir.
Package chngcntr [2008/07/23] emulated by memoir.
Package chngpage [2008/07/23] emulated by memoir.
Package crop emulated by memoir.
Package dcolumn [2008/07/23] emulated by memoir.
Package delarray [2008/07/23] emulated by memoir.
Package enumerate [2008/07/23] emulated by memoir.
Package epigraph [2008/07/23] emulated by memoir.
Package ifmtarg [2008/07/23] emulated by memoir.
Package index [2008/07/23] emulated by memoir.
Package makeidx [2008/07/23] emulated by memoir.
Package moreverb [2008/07/23] emulated by memoir.
Package mparhack [2008/07/23] emulated by memoir.
Package needspace [2008/07/23] emulated by memoir.
Package newfile [2008/07/23] emulated by memoir.
Package nextpage [2008/07/23] emulated by memoir.
Package pagenote [2008/07/23] emulated by memoir.
Package parskip [2008/07/23] emulated by memoir.
Package patchcmd [2008/07/23] emulated by memoir.
Package setspace [2008/07/23] emulated by memoir.
Package shortvrb [2008/07/23] emulated by memoir.
Package showidx [2008/07/23] emulated by memoir.
Package tabularx [2008/07/23] emulated by memoir.
Package titleref [2008/07/23] emulated by memoir.
Package titling [2008/07/23] emulated by memoir.
Package tocbibind [2008/07/23] emulated by memoir.
Package tocloft [2008/07/23] emulated by memoir.
Package tocvsec2 [2008/07/23] emulated by memoir.
Package verbatim [2008/07/23] emulated by memoir.
Package verse [2008/07/23] emulated by memoir.

(/mnt/texlive/texmf-dist/tex/latex/memoir/mempatch.sty
Package: mempatch 2009/07/24 v6.0f Patches for memoir class v1.6180339
))
(/mnt/texlive/texmf-local/tex/latex/local/msiu/msiu_term_work.sty
(/mnt/texlive/texmf-dist/tex/latex/cmap/cmap.sty
Package: cmap 2008/03/06 v1.0h CMap support: searchable PDF
)
(/mnt/texlive/texmf-dist/tex/latex/base/inputenc.sty
Package: inputenc 2008/03/30 v1.1d Input encoding file
\inpenc@prehook=\toks22
\inpenc@posthook=\toks23

(/mnt/texlive/texmf-dist/tex/latex/base/utf8.def
File: utf8.def 2008/04/05 v1.1m UTF-8 support for inputenc
Now handling font encoding OML ...
... no UTF-8 mapping file for font encoding OML
Now handling font encoding T1 ...
... processing UTF-8 mapping file for font encoding T1

(/mnt/texlive/texmf-dist/tex/latex/base/t1enc.dfu
File: t1enc.dfu 2008/04/05 v1.1m UTF-8 support for inputenc
   defining Unicode char U+00A1 (decimal 161)
   defining Unicode char U+00A3 (decimal 163)
   defining Unicode char U+00AB (decimal 171)
   defining Unicode char U+00BB (decimal 187)
   defining Unicode char U+00BF (decimal 191)
   defining Unicode char U+00C0 (decimal 192)
   defining Unicode char U+00C1 (decimal 193)
   defining Unicode char U+00C2 (decimal 194)
   defining Unicode char U+00C3 (decimal 195)
   defining Unicode char U+00C4 (decimal 196)
   defining Unicode char U+00C5 (decimal 197)
   defining Unicode char U+00C6 (decimal 198)
   defining Unicode char U+00C7 (decimal 199)
   defining Unicode char U+00C8 (decimal 200)
   defining Unicode char U+00C9 (decimal 201)
   defining Unicode char U+00CA (decimal 202)
   defining Unicode char U+00CB (decimal 203)
   defining Unicode char U+00CC (decimal 204)
   defining Unicode char U+00CD (decimal 205)
   defining Unicode char U+00CE (decimal 206)
   defining Unicode char U+00CF (decimal 207)
   defining Unicode char U+00D0 (decimal 208)
   defining Unicode char U+00D1 (decimal 209)
   defining Unicode char U+00D2 (decimal 210)
   defining Unicode char U+00D3 (decimal 211)
   defining Unicode char U+00D4 (decimal 212)
   defining Unicode char U+00D5 (decimal 213)
   defining Unicode char U+00D6 (decimal 214)
   defining Unicode char U+00D8 (decimal 216)
   defining Unicode char U+00D9 (decimal 217)
   defining Unicode char U+00DA (decimal 218)
   defining Unicode char U+00DB (decimal 219)
   defining Unicode char U+00DC (decimal 220)
   defining Unicode char U+00DD (decimal 221)
   defining Unicode char U+00DE (decimal 222)
   defining Unicode char U+00DF (decimal 223)
   defining Unicode char U+00E0 (decimal 224)
   defining Unicode char U+00E1 (decimal 225)
   defining Unicode char U+00E2 (decimal 226)
   defining Unicode char U+00E3 (decimal 227)
   defining Unicode char U+00E4 (decimal 228)
   defining Unicode char U+00E5 (decimal 229)
   defining Unicode char U+00E6 (decimal 230)
   defining Unicode char U+00E7 (decimal 231)
   defining Unicode char U+00E8 (decimal 232)
   defining Unicode char U+00E9 (decimal 233)
   defining Unicode char U+00EA (decimal 234)
   defining Unicode char U+00EB (decimal 235)
   defining Unicode char U+00EC (decimal 236)
   defining Unicode char U+00ED (decimal 237)
   defining Unicode char U+00EE (decimal 238)
   defining Unicode char U+00EF (decimal 239)
   defining Unicode char U+00F0 (decimal 240)
   defining Unicode char U+00F1 (decimal 241)
   defining Unicode char U+00F2 (decimal 242)
   defining Unicode char U+00F3 (decimal 243)
   defining Unicode char U+00F4 (decimal 244)
   defining Unicode char U+00F5 (decimal 245)
   defining Unicode char U+00F6 (decimal 246)
   defining Unicode char U+00F8 (decimal 248)
   defining Unicode char U+00F9 (decimal 249)
   defining Unicode char U+00FA (decimal 250)
   defining Unicode char U+00FB (decimal 251)
   defining Unicode char U+00FC (decimal 252)
   defining Unicode char U+00FD (decimal 253)
   defining Unicode char U+00FE (decimal 254)
   defining Unicode char U+00FF (decimal 255)
   defining Unicode char U+0102 (decimal 258)
   defining Unicode char U+0103 (decimal 259)
   defining Unicode char U+0104 (decimal 260)
   defining Unicode char U+0105 (decimal 261)
   defining Unicode char U+0106 (decimal 262)
   defining Unicode char U+0107 (decimal 263)
   defining Unicode char U+010C (decimal 268)
   defining Unicode char U+010D (decimal 269)
   defining Unicode char U+010E (decimal 270)
   defining Unicode char U+010F (decimal 271)
   defining Unicode char U+0110 (decimal 272)
   defining Unicode char U+0111 (decimal 273)
   defining Unicode char U+0118 (decimal 280)
   defining Unicode char U+0119 (decimal 281)
   defining Unicode char U+011A (decimal 282)
   defining Unicode char U+011B (decimal 283)
   defining Unicode char U+011E (decimal 286)
   defining Unicode char U+011F (decimal 287)
   defining Unicode char U+0130 (decimal 304)
   defining Unicode char U+0131 (decimal 305)
   defining Unicode char U+0132 (decimal 306)
   defining Unicode char U+0133 (decimal 307)
   defining Unicode char U+0139 (decimal 313)
   defining Unicode char U+013A (decimal 314)
   defining Unicode char U+013D (decimal 317)
   defining Unicode char U+013E (decimal 318)
   defining Unicode char U+0141 (decimal 321)
   defining Unicode char U+0142 (decimal 322)
   defining Unicode char U+0143 (decimal 323)
   defining Unicode char U+0144 (decimal 324)
   defining Unicode char U+0147 (decimal 327)
   defining Unicode char U+0148 (decimal 328)
   defining Unicode char U+014A (decimal 330)
   defining Unicode char U+014B (decimal 331)
   defining Unicode char U+0150 (decimal 336)
   defining Unicode char U+0151 (decimal 337)
   defining Unicode char U+0152 (decimal 338)
   defining Unicode char U+0153 (decimal 339)
   defining Unicode char U+0154 (decimal 340)
   defining Unicode char U+0155 (decimal 341)
   defining Unicode char U+0158 (decimal 344)
   defining Unicode char U+0159 (decimal 345)
   defining Unicode char U+015A (decimal 346)
   defining Unicode char U+015B (decimal 347)
   defining Unicode char U+015E (decimal 350)
   defining Unicode char U+015F (decimal 351)
   defining Unicode char U+0160 (decimal 352)
   defining Unicode char U+0161 (decimal 353)
   defining Unicode char U+0162 (decimal 354)
   defining Unicode char U+0163 (decimal 355)
   defining Unicode char U+0164 (decimal 356)
   defining Unicode char U+0165 (decimal 357)
   defining Unicode char U+016E (decimal 366)
   defining Unicode char U+016F (decimal 367)
   defining Unicode char U+0170 (decimal 368)
   defining Unicode char U+0171 (decimal 369)
   defining Unicode char U+0178 (decimal 376)
   defining Unicode char U+0179 (decimal 377)
   defining Unicode char U+017A (decimal 378)
   defining Unicode char U+017B (decimal 379)
   defining Unicode char U+017C (decimal 380)
   defining Unicode char U+017D (decimal 381)
   defining Unicode char U+017E (decimal 382)
   defining Unicode char U+200C (decimal 8204)
   defining Unicode char U+2013 (decimal 8211)
   defining Unicode char U+2014 (decimal 8212)
   defining Unicode char U+2018 (decimal 8216)
   defining Unicode char U+2019 (decimal 8217)
   defining Unicode char U+201A (decimal 8218)
   defining Unicode char U+201C (decimal 8220)
   defining Unicode char U+201D (decimal 8221)
   defining Unicode char U+201E (decimal 8222)
   defining Unicode char U+2030 (decimal 8240)
   defining Unicode char U+2031 (decimal 8241)
   defining Unicode char U+2039 (decimal 8249)
   defining Unicode char U+203A (decimal 8250)
   defining Unicode char U+2423 (decimal 9251)
)
Now handling font encoding OT1 ...
... processing UTF-8 mapping file for font encoding OT1

(/mnt/texlive/texmf-dist/tex/latex/base/ot1enc.dfu
File: ot1enc.dfu 2008/04/05 v1.1m UTF-8 support for inputenc
   defining Unicode char U+00A1 (decimal 161)
   defining Unicode char U+00A3 (decimal 163)
   defining Unicode char U+00B8 (decimal 184)
   defining Unicode char U+00BF (decimal 191)
   defining Unicode char U+00C5 (decimal 197)
   defining Unicode char U+00C6 (decimal 198)
   defining Unicode char U+00D8 (decimal 216)
   defining Unicode char U+00DF (decimal 223)
   defining Unicode char U+00E6 (decimal 230)
   defining Unicode char U+00EC (decimal 236)
   defining Unicode char U+00ED (decimal 237)
   defining Unicode char U+00EE (decimal 238)
   defining Unicode char U+00EF (decimal 239)
   defining Unicode char U+00F8 (decimal 248)
   defining Unicode char U+0131 (decimal 305)
   defining Unicode char U+0141 (decimal 321)
   defining Unicode char U+0142 (decimal 322)
   defining Unicode char U+0152 (decimal 338)
   defining Unicode char U+0153 (decimal 339)
   defining Unicode char U+2013 (decimal 8211)
   defining Unicode char U+2014 (decimal 8212)
   defining Unicode char U+2018 (decimal 8216)
   defining Unicode char U+2019 (decimal 8217)
   defining Unicode char U+201C (decimal 8220)
   defining Unicode char U+201D (decimal 8221)
)
Now handling font encoding OMS ...
... processing UTF-8 mapping file for font encoding OMS

(/mnt/texlive/texmf-dist/tex/latex/base/omsenc.dfu
File: omsenc.dfu 2008/04/05 v1.1m UTF-8 support for inputenc
   defining Unicode char U+00A7 (decimal 167)
   defining Unicode char U+00B6 (decimal 182)
   defining Unicode char U+00B7 (decimal 183)
   defining Unicode char U+2020 (decimal 8224)
   defining Unicode char U+2021 (decimal 8225)
   defining Unicode char U+2022 (decimal 8226)
)
Now handling font encoding OMX ...
... no UTF-8 mapping file for font encoding OMX
Now handling font encoding U ...
... no UTF-8 mapping file for font encoding U
   defining Unicode char U+00A9 (decimal 169)
   defining Unicode char U+00AA (decimal 170)
   defining Unicode char U+00AE (decimal 174)
   defining Unicode char U+00BA (decimal 186)
   defining Unicode char U+02C6 (decimal 710)
   defining Unicode char U+02DC (decimal 732)
   defining Unicode char U+200C (decimal 8204)
   defining Unicode char U+2026 (decimal 8230)
   defining Unicode char U+2122 (decimal 8482)
   defining Unicode char U+2423 (decimal 9251)
))
(/mnt/texlive/texmf-dist/tex/generic/babel/babel.sty
Package: babel 2008/07/08 v3.8m The Babel package

(/mnt/texlive/texmf-dist/tex/generic/babel/russianb.ldf
Language: russianb 2008/03/21 v1.1r Russian support from the babel system

(/mnt/texlive/texmf-dist/tex/generic/babel/babel.def
File: babel.def 2008/07/08 v3.8m Babel common definitions
\babel@savecnt=\count138
\U@D=\dimen147
)
(/mnt/texlive/texmf-dist/tex/latex/cyrillic/t2aenc.def
File: t2aenc.def 2005/09/27 v1.0i Cyrillic encoding definition file
Now handling font encoding T2A ...
... processing UTF-8 mapping file for font encoding T2A

(/mnt/texlive/texmf-dist/tex/latex/base/t2aenc.dfu
File: t2aenc.dfu 2008/04/05 v1.1m UTF-8 support for inputenc
   defining Unicode char U+00A4 (decimal 164)
   defining Unicode char U+00A7 (decimal 167)
   defining Unicode char U+00AB (decimal 171)
   defining Unicode char U+00BB (decimal 187)
   defining Unicode char U+0131 (decimal 305)
   defining Unicode char U+0400 (decimal 1024)
   defining Unicode char U+0401 (decimal 1025)
   defining Unicode char U+0402 (decimal 1026)
   defining Unicode char U+0403 (decimal 1027)
   defining Unicode char U+0404 (decimal 1028)
   defining Unicode char U+0405 (decimal 1029)
   defining Unicode char U+0406 (decimal 1030)
   defining Unicode char U+0407 (decimal 1031)
   defining Unicode char U+0408 (decimal 1032)
   defining Unicode char U+0409 (decimal 1033)
   defining Unicode char U+040A (decimal 1034)
   defining Unicode char U+040B (decimal 1035)
   defining Unicode char U+040C (decimal 1036)
   defining Unicode char U+040D (decimal 1037)
   defining Unicode char U+040E (decimal 1038)
   defining Unicode char U+040F (decimal 1039)
   defining Unicode char U+0410 (decimal 1040)
   defining Unicode char U+0411 (decimal 1041)
   defining Unicode char U+0412 (decimal 1042)
   defining Unicode char U+0413 (decimal 1043)
   defining Unicode char U+0414 (decimal 1044)
   defining Unicode char U+0415 (decimal 1045)
   defining Unicode char U+0416 (decimal 1046)
   defining Unicode char U+0417 (decimal 1047)
   defining Unicode char U+0418 (decimal 1048)
   defining Unicode char U+0419 (decimal 1049)
   defining Unicode char U+041A (decimal 1050)
   defining Unicode char U+041B (decimal 1051)
   defining Unicode char U+041C (decimal 1052)
   defining Unicode char U+041D (decimal 1053)
   defining Unicode char U+041E (decimal 1054)
   defining Unicode char U+041F (decimal 1055)
   defining Unicode char U+0420 (decimal 1056)
   defining Unicode char U+0421 (decimal 1057)
   defining Unicode char U+0422 (decimal 1058)
   defining Unicode char U+0423 (decimal 1059)
   defining Unicode char U+0424 (decimal 1060)
   defining Unicode char U+0425 (decimal 1061)
   defining Unicode char U+0426 (decimal 1062)
   defining Unicode char U+0427 (decimal 1063)
   defining Unicode char U+0428 (decimal 1064)
   defining Unicode char U+0429 (decimal 1065)
   defining Unicode char U+042A (decimal 1066)
   defining Unicode char U+042B (decimal 1067)
   defining Unicode char U+042C (decimal 1068)
   defining Unicode char U+042D (decimal 1069)
   defining Unicode char U+042E (decimal 1070)
   defining Unicode char U+042F (decimal 1071)
   defining Unicode char U+0430 (decimal 1072)
   defining Unicode char U+0431 (decimal 1073)
   defining Unicode char U+0432 (decimal 1074)
   defining Unicode char U+0433 (decimal 1075)
   defining Unicode char U+0434 (decimal 1076)
   defining Unicode char U+0435 (decimal 1077)
   defining Unicode char U+0436 (decimal 1078)
   defining Unicode char U+0437 (decimal 1079)
   defining Unicode char U+0438 (decimal 1080)
   defining Unicode char U+0439 (decimal 1081)
   defining Unicode char U+043A (decimal 1082)
   defining Unicode char U+043B (decimal 1083)
   defining Unicode char U+043C (decimal 1084)
   defining Unicode char U+043D (decimal 1085)
   defining Unicode char U+043E (decimal 1086)
   defining Unicode char U+043F (decimal 1087)
   defining Unicode char U+0440 (decimal 1088)
   defining Unicode char U+0441 (decimal 1089)
   defining Unicode char U+0442 (decimal 1090)
   defining Unicode char U+0443 (decimal 1091)
   defining Unicode char U+0444 (decimal 1092)
   defining Unicode char U+0445 (decimal 1093)
   defining Unicode char U+0446 (decimal 1094)
   defining Unicode char U+0447 (decimal 1095)
   defining Unicode char U+0448 (decimal 1096)
   defining Unicode char U+0449 (decimal 1097)
   defining Unicode char U+044A (decimal 1098)
   defining Unicode char U+044B (decimal 1099)
   defining Unicode char U+044C (decimal 1100)
   defining Unicode char U+044D (decimal 1101)
   defining Unicode char U+044E (decimal 1102)
   defining Unicode char U+044F (decimal 1103)
   defining Unicode char U+0450 (decimal 1104)
   defining Unicode char U+0451 (decimal 1105)
   defining Unicode char U+0452 (decimal 1106)
   defining Unicode char U+0453 (decimal 1107)
   defining Unicode char U+0454 (decimal 1108)
   defining Unicode char U+0455 (decimal 1109)
   defining Unicode char U+0456 (decimal 1110)
   defining Unicode char U+0457 (decimal 1111)
   defining Unicode char U+0458 (decimal 1112)
   defining Unicode char U+0459 (decimal 1113)
   defining Unicode char U+045A (decimal 1114)
   defining Unicode char U+045B (decimal 1115)
   defining Unicode char U+045C (decimal 1116)
   defining Unicode char U+045D (decimal 1117)
   defining Unicode char U+045E (decimal 1118)
   defining Unicode char U+045F (decimal 1119)
   defining Unicode char U+0490 (decimal 1168)
   defining Unicode char U+0491 (decimal 1169)
   defining Unicode char U+0492 (decimal 1170)
   defining Unicode char U+0493 (decimal 1171)
   defining Unicode char U+0496 (decimal 1174)
   defining Unicode char U+0497 (decimal 1175)
   defining Unicode char U+0498 (decimal 1176)
   defining Unicode char U+0499 (decimal 1177)
   defining Unicode char U+049A (decimal 1178)
   defining Unicode char U+049B (decimal 1179)
   defining Unicode char U+049C (decimal 1180)
   defining Unicode char U+049D (decimal 1181)
   defining Unicode char U+04A0 (decimal 1184)
   defining Unicode char U+04A1 (decimal 1185)
   defining Unicode char U+04A2 (decimal 1186)
   defining Unicode char U+04A3 (decimal 1187)
   defining Unicode char U+04A4 (decimal 1188)
   defining Unicode char U+04A5 (decimal 1189)
   defining Unicode char U+04AA (decimal 1194)
   defining Unicode char U+04AB (decimal 1195)
   defining Unicode char U+04AE (decimal 1198)
   defining Unicode char U+04AF (decimal 1199)
   defining Unicode char U+04B0 (decimal 1200)
   defining Unicode char U+04B1 (decimal 1201)
   defining Unicode char U+04B2 (decimal 1202)
   defining Unicode char U+04B3 (decimal 1203)
   defining Unicode char U+04B6 (decimal 1206)
   defining Unicode char U+04B7 (decimal 1207)
   defining Unicode char U+04B8 (decimal 1208)
   defining Unicode char U+04B9 (decimal 1209)
   defining Unicode char U+04BA (decimal 1210)
   defining Unicode char U+04BB (decimal 1211)
   defining Unicode char U+04C0 (decimal 1216)
   defining Unicode char U+04C1 (decimal 1217)
   defining Unicode char U+04C2 (decimal 1218)
   defining Unicode char U+04D0 (decimal 1232)
   defining Unicode char U+04D1 (decimal 1233)
   defining Unicode char U+04D2 (decimal 1234)
   defining Unicode char U+04D3 (decimal 1235)
   defining Unicode char U+04D4 (decimal 1236)
   defining Unicode char U+04D5 (decimal 1237)
   defining Unicode char U+04D6 (decimal 1238)
   defining Unicode char U+04D7 (decimal 1239)
   defining Unicode char U+04D8 (decimal 1240)
   defining Unicode char U+04D9 (decimal 1241)
   defining Unicode char U+04DA (decimal 1242)
   defining Unicode char U+04DB (decimal 1243)
   defining Unicode char U+04DC (decimal 1244)
   defining Unicode char U+04DD (decimal 1245)
   defining Unicode char U+04DE (decimal 1246)
   defining Unicode char U+04DF (decimal 1247)
   defining Unicode char U+04E2 (decimal 1250)
   defining Unicode char U+04E3 (decimal 1251)
   defining Unicode char U+04E4 (decimal 1252)
   defining Unicode char U+04E5 (decimal 1253)
   defining Unicode char U+04E6 (decimal 1254)
   defining Unicode char U+04E7 (decimal 1255)
   defining Unicode char U+04E8 (decimal 1256)
   defining Unicode char U+04E9 (decimal 1257)
   defining Unicode char U+04EC (decimal 1260)
   defining Unicode char U+04ED (decimal 1261)
   defining Unicode char U+04EE (decimal 1262)
   defining Unicode char U+04EF (decimal 1263)
   defining Unicode char U+04F0 (decimal 1264)
   defining Unicode char U+04F1 (decimal 1265)
   defining Unicode char U+04F2 (decimal 1266)
   defining Unicode char U+04F3 (decimal 1267)
   defining Unicode char U+04F4 (decimal 1268)
   defining Unicode char U+04F5 (decimal 1269)
   defining Unicode char U+04F8 (decimal 1272)
   defining Unicode char U+04F9 (decimal 1273)
   defining Unicode char U+200C (decimal 8204)
   defining Unicode char U+2013 (decimal 8211)
   defining Unicode char U+2014 (decimal 8212)
   defining Unicode char U+2018 (decimal 8216)
   defining Unicode char U+2019 (decimal 8217)
   defining Unicode char U+201C (decimal 8220)
   defining Unicode char U+201D (decimal 8221)
   defining Unicode char U+201E (decimal 8222)
   defining Unicode char U+2030 (decimal 8240)
   defining Unicode char U+2031 (decimal 8241)
   defining Unicode char U+2116 (decimal 8470)
   defining Unicode char U+2329 (decimal 9001)
   defining Unicode char U+232A (decimal 9002)
   defining Unicode char U+2423 (decimal 9251)
))
Package babel Info: Making " an active character on input line 199.
))
(/mnt/texlive/texmf-dist/tex/latex/base/fontenc.sty
Package: fontenc 2005/09/27 v1.99g Standard LaTeX package

(/mnt/texlive/texmf-dist/tex/latex/base/ts1enc.def
File: ts1enc.def 2001/06/05 v3.0e (jk/car/fm) Standard LaTeX file
Now handling font encoding TS1 ...
... processing UTF-8 mapping file for font encoding TS1

(/mnt/texlive/texmf-dist/tex/latex/base/ts1enc.dfu
File: ts1enc.dfu 2008/04/05 v1.1m UTF-8 support for inputenc
   defining Unicode char U+00A2 (decimal 162)
   defining Unicode char U+00A3 (decimal 163)
   defining Unicode char U+00A4 (decimal 164)
   defining Unicode char U+00A5 (decimal 165)
   defining Unicode char U+00A6 (decimal 166)
   defining Unicode char U+00A7 (decimal 167)
   defining Unicode char U+00A8 (decimal 168)
   defining Unicode char U+00A9 (decimal 169)
   defining Unicode char U+00AA (decimal 170)
   defining Unicode char U+00AC (decimal 172)
   defining Unicode char U+00AE (decimal 174)
   defining Unicode char U+00AF (decimal 175)
   defining Unicode char U+00B0 (decimal 176)
   defining Unicode char U+00B1 (decimal 177)
   defining Unicode char U+00B2 (decimal 178)
   defining Unicode char U+00B3 (decimal 179)
   defining Unicode char U+00B4 (decimal 180)
   defining Unicode char U+00B5 (decimal 181)
   defining Unicode char U+00B6 (decimal 182)
   defining Unicode char U+00B7 (decimal 183)
   defining Unicode char U+00B9 (decimal 185)
   defining Unicode char U+00BA (decimal 186)
   defining Unicode char U+00BC (decimal 188)
   defining Unicode char U+00BD (decimal 189)
   defining Unicode char U+00BE (decimal 190)
   defining Unicode char U+00D7 (decimal 215)
   defining Unicode char U+00F7 (decimal 247)
   defining Unicode char U+0192 (decimal 402)
   defining Unicode char U+02C7 (decimal 711)
   defining Unicode char U+02D8 (decimal 728)
   defining Unicode char U+02DD (decimal 733)
   defining Unicode char U+0E3F (decimal 3647)
   defining Unicode char U+2016 (decimal 8214)
   defining Unicode char U+2020 (decimal 8224)
   defining Unicode char U+2021 (decimal 8225)
   defining Unicode char U+2022 (decimal 8226)
   defining Unicode char U+2030 (decimal 8240)
   defining Unicode char U+2031 (decimal 8241)
   defining Unicode char U+203B (decimal 8251)
   defining Unicode char U+203D (decimal 8253)
   defining Unicode char U+2044 (decimal 8260)
   defining Unicode char U+204E (decimal 8270)
   defining Unicode char U+2052 (decimal 8274)
   defining Unicode char U+20A1 (decimal 8353)
   defining Unicode char U+20A4 (decimal 8356)
   defining Unicode char U+20A6 (decimal 8358)
   defining Unicode char U+20A9 (decimal 8361)
   defining Unicode char U+20AB (decimal 8363)
   defining Unicode char U+20AC (decimal 8364)
   defining Unicode char U+20B1 (decimal 8369)
   defining Unicode char U+2103 (decimal 8451)
   defining Unicode char U+2116 (decimal 8470)
   defining Unicode char U+2117 (decimal 8471)
   defining Unicode char U+211E (decimal 8478)
   defining Unicode char U+2120 (decimal 8480)
   defining Unicode char U+2122 (decimal 8482)
   defining Unicode char U+2126 (decimal 8486)
   defining Unicode char U+2127 (decimal 8487)
   defining Unicode char U+212E (decimal 8494)
   defining Unicode char U+2190 (decimal 8592)
   defining Unicode char U+2191 (decimal 8593)
   defining Unicode char U+2192 (decimal 8594)
   defining Unicode char U+2193 (decimal 8595)
   defining Unicode char U+2329 (decimal 9001)
   defining Unicode char U+232A (decimal 9002)
   defining Unicode char U+2422 (decimal 9250)
   defining Unicode char U+25E6 (decimal 9702)
   defining Unicode char U+25EF (decimal 9711)
   defining Unicode char U+266A (decimal 9834)
))
(/mnt/texlive/texmf-dist/tex/latex/cyrillic/t2aenc.def
File: t2aenc.def 2005/09/27 v1.0i Cyrillic encoding definition file
LaTeX Font Info:    Redeclaring font encoding T2A on input line 38.
)
LaTeX Font Info:    Try loading font information for T2A+cmr on input line 100.


(/mnt/texlive/texmf-dist/tex/latex/cyrillic/t2acmr.fd
File: t2acmr.fd 2001/08/11 v1.0a Computer Modern Cyrillic font definitions
)<<t2a.cmap>>)
(/mnt/texlive/texmf-dist/tex/latex/tools/indentfirst.sty
Package: indentfirst 1995/11/23 v1.03 Indent first paragraph (DPC)
)
(/mnt/texlive/texmf-dist/tex/latex/amsmath/amsmath.sty
Package: amsmath 2000/07/18 v2.13 AMS math features
\@mathmargin=\skip185

For additional information on amsmath, use the `?' option.
(/mnt/texlive/texmf-dist/tex/latex/amsmath/amstext.sty
Package: amstext 2000/06/29 v2.01

(/mnt/texlive/texmf-dist/tex/latex/amsmath/amsgen.sty
File: amsgen.sty 1999/11/30 v2.0
\@emptytoks=\toks24
\ex@=\dimen148
))
(/mnt/texlive/texmf-dist/tex/latex/amsmath/amsbsy.sty
Package: amsbsy 1999/11/29 v1.2d
\pmbraise@=\dimen149
)
(/mnt/texlive/texmf-dist/tex/latex/amsmath/amsopn.sty
Package: amsopn 1999/12/14 v2.01 operator names
)
\inf@bad=\count139
LaTeX Info: Redefining \frac on input line 211.
\uproot@=\count140
\leftroot@=\count141
LaTeX Info: Redefining \overline on input line 307.
\classnum@=\count142
\DOTSCASE@=\count143
LaTeX Info: Redefining \ldots on input line 379.
LaTeX Info: Redefining \dots on input line 382.
LaTeX Info: Redefining \cdots on input line 467.
\Mathstrutbox@=\box29
\strutbox@=\box30
\big@size=\dimen150
LaTeX Font Info:    Redeclaring font encoding OML on input line 567.
LaTeX Font Info:    Redeclaring font encoding OMS on input line 568.
\macc@depth=\count144
\c@MaxMatrixCols=\count145
\dotsspace@=\muskip10
\c@parentequation=\count146
\dspbrk@lvl=\count147
\tag@help=\toks25
\row@=\count148
\column@=\count149
\maxfields@=\count150
\andhelp@=\toks26
\eqnshift@=\dimen151
\alignsep@=\dimen152
\tagshift@=\dimen153
\tagwidth@=\dimen154
\totwidth@=\dimen155
\lineht@=\dimen156
\@envbody=\toks27
\multlinegap=\skip186
\multlinetaggap=\skip187
\mathdisplay@stack=\toks28
LaTeX Info: Redefining \[ on input line 2666.
LaTeX Info: Redefining \] on input line 2667.
)
(/mnt/texlive/texmf-dist/tex/latex/amsfonts/amssymb.sty
Package: amssymb 2009/06/22 v3.00

(/mnt/texlive/texmf-dist/tex/latex/amsfonts/amsfonts.sty
Package: amsfonts 2009/06/22 v3.00 Basic AMSFonts support
\symAMSa=\mathgroup4
\symAMSb=\mathgroup5
LaTeX Font Info:    Overwriting math alphabet `\mathfrak' in version `bold'
(Font)                  U/euf/m/n --> U/euf/b/n on input line 96.
))
(/mnt/texlive/texmf-dist/tex/latex/amsmath/amscd.sty
Package: amscd 1999/11/29 v1.2d
\athelp@=\toks29
\minaw@=\dimen157
\bigaw@=\dimen158
\minCDarrowwidth=\dimen159
)
(/mnt/texlive/texmf-dist/tex/latex/amscls/amsthm.sty
Package: amsthm 2009/07/02 v2.20.1
\thm@style=\toks30
\thm@bodyfont=\toks31
\thm@headfont=\toks32
\thm@notefont=\toks33
\thm@headpunct=\toks34
\thm@preskip=\skip188
\thm@postskip=\skip189
\thm@headsep=\skip190
\dth@everypar=\toks35
)
(/mnt/texlive/texmf-dist/tex/latex/tools/bm.sty
Package: bm 2004/02/26 v1.1c Bold Symbol Support (DPC/FMi)
\symboldoperators=\mathgroup6
\symboldletters=\mathgroup7
\symboldsymbols=\mathgroup8
LaTeX Font Info:    Redeclaring math alphabet \mathbf on input line 138.
LaTeX Info: Redefining \bm on input line 204.
)
(/mnt/texlive/texmf-dist/tex/latex/graphics/color.sty
Package: color 2005/11/14 v1.0j Standard LaTeX Color (DPC)

(/mnt/texlive/texmf-dist/tex/latex/latexconfig/color.cfg
File: color.cfg 2007/01/18 v1.5 color configuration of teTeX/TeXLive
)
Package color Info: Driver file: pdftex.def on input line 130.

(/mnt/texlive/texmf-dist/tex/latex/pdftex-def/pdftex.def
File: pdftex.def 2011/05/27 v0.06d Graphics/color for pdfTeX

(/mnt/texlive/texmf-dist/tex/generic/oberdiek/infwarerr.sty
Package: infwarerr 2010/04/08 v1.3 Providing info/warning/message (HO)
)
(/mnt/texlive/texmf-dist/tex/generic/oberdiek/ltxcmds.sty
Package: ltxcmds 2011/04/18 v1.20 LaTeX kernel commands for general use (HO)
)
\Gread@gobject=\count151
))
(/mnt/texlive/texmf-dist/tex/latex/graphics/graphicx.sty
Package: graphicx 1999/02/16 v1.0f Enhanced LaTeX Graphics (DPC,SPQR)

(/mnt/texlive/texmf-dist/tex/latex/graphics/keyval.sty
Package: keyval 1999/03/16 v1.13 key=value parser (DPC)
\KV@toks@=\toks36
)
(/mnt/texlive/texmf-dist/tex/latex/graphics/graphics.sty
Package: graphics 2009/02/05 v1.0o Standard LaTeX Graphics (DPC,SPQR)

(/mnt/texlive/texmf-dist/tex/latex/graphics/trig.sty
Package: trig 1999/03/16 v1.09 sin cos tan (DPC)
)
(/mnt/texlive/texmf-dist/tex/latex/latexconfig/graphics.cfg
File: graphics.cfg 2010/04/23 v1.9 graphics configuration of TeX Live
)
Package graphics Info: Driver file: pdftex.def on input line 91.
)
\Gin@req@height=\dimen160
\Gin@req@width=\dimen161
)
(/mnt/texlive/texmf-dist/tex/latex/oberdiek/listingsutf8.sty
Package: listingsutf8 2007/11/11 v1.1 Adding support for UTF-8 to listings (HO)


(/mnt/texlive/texmf-dist/tex/latex/listings/listings.sty
\lst@mode=\count152
\lst@gtempboxa=\box31
\lst@token=\toks37
\lst@length=\count153
\lst@currlwidth=\dimen162
\lst@column=\count154
\lst@pos=\count155
\lst@lostspace=\dimen163
\lst@width=\dimen164
\lst@newlines=\count156
\lst@lineno=\count157
\lst@maxwidth=\dimen165

(/mnt/texlive/texmf-dist/tex/latex/listings/lstmisc.sty
File: lstmisc.sty 2007/02/22 1.4 (Carsten Heinz)
\c@lstnumber=\count158
\lst@skipnumbers=\count159
\lst@framebox=\box32
)
(/mnt/texlive/texmf-dist/tex/latex/listings/listings.cfg
File: listings.cfg 2007/02/22 1.4 listings configuration
))
Package: listings 2007/02/22 1.4 (Carsten Heinz)

(/mnt/texlive/texmf-dist/tex/generic/oberdiek/pdftexcmds.sty
Package: pdftexcmds 2011/04/22 v0.16 Utilities of pdfTeX for LuaTeX (HO)
Package pdftexcmds Info: LuaTeX not detected.
Package pdftexcmds Info: \pdf@primitive is available.
Package pdftexcmds Info: \pdf@ifprimitive is available.
Package pdftexcmds Info: \pdfdraftmode found.
)
(/mnt/texlive/texmf-dist/tex/generic/oberdiek/stringenc.sty
Package: stringenc 2010/03/01 v1.8 Converts strings between encodings (HO)

(/mnt/texlive/texmf-dist/tex/generic/oberdiek/pdfescape.sty
Package: pdfescape 2011/04/04 v1.12 Provides string conversions (HO)
)))
(/mnt/texlive/texmf-local/tex/latex/local/msiu/russmath.sty)
(/mnt/texlive/texmf-dist/tex/latex/hyperref/hyperref.sty
Package: hyperref 2012/02/06 v6.82o Hypertext links for LaTeX

(/mnt/texlive/texmf-dist/tex/generic/oberdiek/hobsub-hyperref.sty
Package: hobsub-hyperref 2011/04/23 v1.4 Bundle oberdiek, subset hyperref (HO)

(/mnt/texlive/texmf-dist/tex/generic/oberdiek/hobsub-generic.sty
Package: hobsub-generic 2011/04/23 v1.4 Bundle oberdiek, subset generic (HO)
Package: hobsub 2011/04/23 v1.4 Subsetting bundle oberdiek (HO)
Package hobsub Info: Skipping package `infwarerr' (already loaded).
Package hobsub Info: Skipping package `ltxcmds' (already loaded).
Package hobsub Info: Skipping package `ifluatex' (already loaded).
Package: ifvtex 2010/03/01 v1.5 Switches for detecting VTeX and its modes (HO)
Package ifvtex Info: VTeX not detected.
Package: intcalc 2007/09/27 v1.1 Expandable integer calculations (HO)
Package hobsub Info: Skipping package `ifpdf' (already loaded).
Package: etexcmds 2011/02/16 v1.5 Prefix for e-TeX command names (HO)
Package etexcmds Info: Could not find \expanded.
(etexcmds)             That can mean that you are not using pdfTeX 1.50 or
(etexcmds)             that some package has redefined \expanded.
(etexcmds)             In the latter case, load this package earlier.
Package: kvsetkeys 2011/04/07 v1.13 Key value parser (HO)
Package: kvdefinekeys 2011/04/07 v1.3 Defining keys (HO)
Package hobsub Info: Skipping package `pdftexcmds' (already loaded).
Package hobsub Info: Skipping package `pdfescape' (already loaded).
Package: bigintcalc 2011/01/30 v1.2 Expandable big integer calculations (HO)
Package: bitset 2011/01/30 v1.1 Data type bit set (HO)
Package: uniquecounter 2011/01/30 v1.2 Provides unlimited unique counter (HO)
)
Package hobsub Info: Skipping package `hobsub' (already loaded).
Package: letltxmacro 2010/09/02 v1.4 Let assignment for LaTeX macros (HO)
Package: hopatch 2011/01/30 v1.0 Wrapper for package hooks (HO)
Package: xcolor-patch 2011/01/30 xcolor patch
Package: atveryend 2011/04/23 v1.7 Hooks at very end of document (HO)
Package: atbegshi 2011/01/30 v1.15 At begin shipout hook (HO)
Package: refcount 2010/12/01 v3.2 Data extraction from references (HO)
Package: hycolor 2011/01/30 v1.7 Color options of hyperref/bookmark (HO)
)
(/mnt/texlive/texmf-dist/tex/latex/oberdiek/kvoptions.sty
Package: kvoptions 2010/12/23 v3.10 Keyval support for LaTeX options (HO)
)
\@linkdim=\dimen166
\Hy@linkcounter=\count160
\Hy@pagecounter=\count161

(/mnt/texlive/texmf-dist/tex/latex/hyperref/pd1enc.def
File: pd1enc.def 2012/02/06 v6.82o Hyperref: PDFDocEncoding definition (HO)
Now handling font encoding PD1 ...
... no UTF-8 mapping file for font encoding PD1
)
\Hy@SavedSpaceFactor=\count162
Package hyperref Info: Option `unicode' set `true' on input line 3177.

(/mnt/texlive/texmf-dist/tex/latex/hyperref/puenc.def
File: puenc.def 2012/02/06 v6.82o Hyperref: PDF Unicode definition (HO)
Now handling font encoding PU ...
... no UTF-8 mapping file for font encoding PU
)
(/mnt/texlive/texmf-dist/tex/latex/latexconfig/hyperref.cfg
File: hyperref.cfg 2002/06/06 v1.2 hyperref configuration of TeXLive
)
Package hyperref Info: Hyper figures OFF on input line 4046.
Package hyperref Info: Link nesting OFF on input line 4051.
Package hyperref Info: Hyper index ON on input line 4054.
Package hyperref Info: Plain pages OFF on input line 4061.
Package hyperref Info: Backreferencing OFF on input line 4066.
Package hyperref Info: Implicit mode ON; LaTeX internals redefined.
Package hyperref Info: Bookmarks ON on input line 4284.
\c@Hy@tempcnt=\count163

(/mnt/texlive/texmf-dist/tex/latex/html/url.sty
Package: url 1999/03/02  ver 1.4  Verb mode for urls, email addresses, and file
 names
)
LaTeX Info: Redefining \url on input line 4637.
\Fld@menulength=\count164
\Field@Width=\dimen167
\Fld@charsize=\dimen168
Package hyperref Info: Hyper figures OFF on input line 5757.
Package hyperref Info: Link nesting OFF on input line 5762.
Package hyperref Info: Hyper index ON on input line 5765.
Package hyperref Info: backreferencing OFF on input line 5772.
Package hyperref Info: Link coloring OFF on input line 5777.
Package hyperref Info: Link coloring with OCG OFF on input line 5782.
Package hyperref Info: PDF/A mode OFF on input line 5787.
LaTeX Info: Redefining \ref on input line 5827.
LaTeX Info: Redefining \pageref on input line 5831.
\Hy@abspage=\count165
\c@Item=\count166
\c@Hfootnote=\count167
)
(/mnt/texlive/texmf-dist/tex/latex/memoir/memhfixc.sty
Package: memhfixc 2010/08/17 v1.15 nameref/hyperref package fixes for memoir cl
ass
\c@memhycontfloat=\count168
)

Package hyperref Message: Driver (autodetected): hpdftex.

(/mnt/texlive/texmf-dist/tex/latex/hyperref/hpdftex.def
File: hpdftex.def 2012/02/06 v6.82o Hyperref driver for pdfTeX
\Fld@listcount=\count169
\c@bookmark@seq@number=\count170

(/mnt/texlive/texmf-dist/tex/latex/oberdiek/rerunfilecheck.sty
Package: rerunfilecheck 2011/04/15 v1.7 Rerun checks for auxiliary files (HO)
Package uniquecounter Info: New unique counter `rerunfilecheck' on input line 2
82.
)
\Hy@SectionHShift=\skip191
)
(/mnt/texlive/texmf-dist/tex/latex/pgf/basiclayer/pgf.sty
(/mnt/texlive/texmf-dist/tex/latex/pgf/utilities/pgfrcs.sty
(/mnt/texlive/texmf-dist/tex/generic/pgf/utilities/pgfutil-common.tex
\pgfutil@everybye=\toks38
)
(/mnt/texlive/texmf-dist/tex/generic/pgf/utilities/pgfutil-latex.def
\pgfutil@abb=\box33

(/mnt/texlive/texmf-dist/tex/latex/ms/everyshi.sty
Package: everyshi 2001/05/15 v3.00 EveryShipout Package (MS)
))
(/mnt/texlive/texmf-dist/tex/generic/pgf/utilities/pgfrcs.code.tex
Package: pgfrcs 2010/10/25 v2.10 (rcs-revision 1.24)
))
Package: pgf 2008/01/15 v2.10 (rcs-revision 1.12)

(/mnt/texlive/texmf-dist/tex/latex/pgf/basiclayer/pgfcore.sty
(/mnt/texlive/texmf-dist/tex/latex/pgf/systemlayer/pgfsys.sty
(/mnt/texlive/texmf-dist/tex/generic/pgf/systemlayer/pgfsys.code.tex
Package: pgfsys 2010/06/30 v2.10 (rcs-revision 1.37)

(/mnt/texlive/texmf-dist/tex/generic/pgf/utilities/pgfkeys.code.tex
\pgfkeys@pathtoks=\toks39
\pgfkeys@temptoks=\toks40

(/mnt/texlive/texmf-dist/tex/generic/pgf/utilities/pgfkeysfiltered.code.tex
\pgfkeys@tmptoks=\toks41
))
\pgf@x=\dimen169
\pgf@y=\dimen170
\pgf@xa=\dimen171
\pgf@ya=\dimen172
\pgf@xb=\dimen173
\pgf@yb=\dimen174
\pgf@xc=\dimen175
\pgf@yc=\dimen176
\w@pgf@writea=\write4
\r@pgf@reada=\read2
\c@pgf@counta=\count171
\c@pgf@countb=\count172
\c@pgf@countc=\count173
\c@pgf@countd=\count174

(/mnt/texlive/texmf-dist/tex/generic/pgf/systemlayer/pgf.cfg
File: pgf.cfg 2008/05/14  (rcs-revision 1.7)
)
Package pgfsys Info: Driver file for pgf: pgfsys-pdftex.def on input line 900.

(/mnt/texlive/texmf-dist/tex/generic/pgf/systemlayer/pgfsys-pdftex.def
File: pgfsys-pdftex.def 2009/05/22  (rcs-revision 1.26)

(/mnt/texlive/texmf-dist/tex/generic/pgf/systemlayer/pgfsys-common-pdf.def
File: pgfsys-common-pdf.def 2008/05/19  (rcs-revision 1.10)
)))
(/mnt/texlive/texmf-dist/tex/generic/pgf/systemlayer/pgfsyssoftpath.code.tex
File: pgfsyssoftpath.code.tex 2008/07/18  (rcs-revision 1.7)
\pgfsyssoftpath@smallbuffer@items=\count175
\pgfsyssoftpath@bigbuffer@items=\count176
)
(/mnt/texlive/texmf-dist/tex/generic/pgf/systemlayer/pgfsysprotocol.code.tex
File: pgfsysprotocol.code.tex 2006/10/16  (rcs-revision 1.4)
))
(/mnt/texlive/texmf-dist/tex/latex/xcolor/xcolor.sty
Package: xcolor 2007/01/21 v2.11 LaTeX color extensions (UK)

(/mnt/texlive/texmf-dist/tex/latex/latexconfig/color.cfg
File: color.cfg 2007/01/18 v1.5 color configuration of teTeX/TeXLive
)
Package xcolor Info: Driver file: pdftex.def on input line 225.
LaTeX Info: Redefining \color on input line 702.
Package xcolor Info: Model `cmy' substituted by `cmy0' on input line 1337.
Package xcolor Info: Model `hsb' substituted by `rgb' on input line 1341.
Package xcolor Info: Model `RGB' extended on input line 1353.
Package xcolor Info: Model `HTML' substituted by `rgb' on input line 1355.
Package xcolor Info: Model `Hsb' substituted by `hsb' on input line 1356.
Package xcolor Info: Model `tHsb' substituted by `hsb' on input line 1357.
Package xcolor Info: Model `HSB' substituted by `hsb' on input line 1358.
Package xcolor Info: Model `Gray' substituted by `gray' on input line 1359.
Package xcolor Info: Model `wave' substituted by `hsb' on input line 1360.
)
(/mnt/texlive/texmf-dist/tex/generic/pgf/basiclayer/pgfcore.code.tex
Package: pgfcore 2010/04/11 v2.10 (rcs-revision 1.7)

(/mnt/texlive/texmf-dist/tex/generic/pgf/math/pgfmath.code.tex
(/mnt/texlive/texmf-dist/tex/generic/pgf/math/pgfmathcalc.code.tex
(/mnt/texlive/texmf-dist/tex/generic/pgf/math/pgfmathutil.code.tex)
(/mnt/texlive/texmf-dist/tex/generic/pgf/math/pgfmathparser.code.tex
\pgfmath@dimen=\dimen177
\pgfmath@count=\count177
\pgfmath@box=\box34
\pgfmath@toks=\toks42
\pgfmath@stack@operand=\toks43
\pgfmath@stack@operation=\toks44
)
(/mnt/texlive/texmf-dist/tex/generic/pgf/math/pgfmathfunctions.code.tex
(/mnt/texlive/texmf-dist/tex/generic/pgf/math/pgfmathfunctions.basic.code.tex)
(/mnt/texlive/texmf-dist/tex/generic/pgf/math/pgfmathfunctions.trigonometric.co
de.tex)
(/mnt/texlive/texmf-dist/tex/generic/pgf/math/pgfmathfunctions.random.code.tex)

(/mnt/texlive/texmf-dist/tex/generic/pgf/math/pgfmathfunctions.comparison.code.
tex)
(/mnt/texlive/texmf-dist/tex/generic/pgf/math/pgfmathfunctions.base.code.tex)
(/mnt/texlive/texmf-dist/tex/generic/pgf/math/pgfmathfunctions.round.code.tex)
(/mnt/texlive/texmf-dist/tex/generic/pgf/math/pgfmathfunctions.misc.code.tex)))
(/mnt/texlive/texmf-dist/tex/generic/pgf/math/pgfmathfloat.code.tex
\c@pgfmathroundto@lastzeros=\count178
))
(/mnt/texlive/texmf-dist/tex/generic/pgf/basiclayer/pgfcorepoints.code.tex
File: pgfcorepoints.code.tex 2010/04/09  (rcs-revision 1.20)
\pgf@picminx=\dimen178
\pgf@picmaxx=\dimen179
\pgf@picminy=\dimen180
\pgf@picmaxy=\dimen181
\pgf@pathminx=\dimen182
\pgf@pathmaxx=\dimen183
\pgf@pathminy=\dimen184
\pgf@pathmaxy=\dimen185
\pgf@xx=\dimen186
\pgf@xy=\dimen187
\pgf@yx=\dimen188
\pgf@yy=\dimen189
\pgf@zx=\dimen190
\pgf@zy=\dimen191
)
(/mnt/texlive/texmf-dist/tex/generic/pgf/basiclayer/pgfcorepathconstruct.code.t
ex
File: pgfcorepathconstruct.code.tex 2010/08/03  (rcs-revision 1.24)
\pgf@path@lastx=\dimen192
\pgf@path@lasty=\dimen193
)
(/mnt/texlive/texmf-dist/tex/generic/pgf/basiclayer/pgfcorepathusage.code.tex
File: pgfcorepathusage.code.tex 2008/04/22  (rcs-revision 1.12)
\pgf@shorten@end@additional=\dimen194
\pgf@shorten@start@additional=\dimen195
)
(/mnt/texlive/texmf-dist/tex/generic/pgf/basiclayer/pgfcorescopes.code.tex
File: pgfcorescopes.code.tex 2010/09/08  (rcs-revision 1.34)
\pgfpic=\box35
\pgf@hbox=\box36
\pgf@layerbox@main=\box37
\pgf@picture@serial@count=\count179
)
(/mnt/texlive/texmf-dist/tex/generic/pgf/basiclayer/pgfcoregraphicstate.code.te
x
File: pgfcoregraphicstate.code.tex 2008/04/22  (rcs-revision 1.9)
\pgflinewidth=\dimen196
)
(/mnt/texlive/texmf-dist/tex/generic/pgf/basiclayer/pgfcoretransformations.code
.tex
File: pgfcoretransformations.code.tex 2009/06/10  (rcs-revision 1.11)
\pgf@pt@x=\dimen197
\pgf@pt@y=\dimen198
\pgf@pt@temp=\dimen199
) (/mnt/texlive/texmf-dist/tex/generic/pgf/basiclayer/pgfcorequick.code.tex
File: pgfcorequick.code.tex 2008/10/09  (rcs-revision 1.3)
) (/mnt/texlive/texmf-dist/tex/generic/pgf/basiclayer/pgfcoreobjects.code.tex
File: pgfcoreobjects.code.tex 2006/10/11  (rcs-revision 1.2)
)
(/mnt/texlive/texmf-dist/tex/generic/pgf/basiclayer/pgfcorepathprocessing.code.
tex
File: pgfcorepathprocessing.code.tex 2008/10/09  (rcs-revision 1.8)
) (/mnt/texlive/texmf-dist/tex/generic/pgf/basiclayer/pgfcorearrows.code.tex
File: pgfcorearrows.code.tex 2008/04/23  (rcs-revision 1.11)
) (/mnt/texlive/texmf-dist/tex/generic/pgf/basiclayer/pgfcoreshade.code.tex
File: pgfcoreshade.code.tex 2008/11/23  (rcs-revision 1.13)
\pgf@max=\dimen200
\pgf@sys@shading@range@num=\count180
)
(/mnt/texlive/texmf-dist/tex/generic/pgf/basiclayer/pgfcoreimage.code.tex
File: pgfcoreimage.code.tex 2010/03/25  (rcs-revision 1.16)

(/mnt/texlive/texmf-dist/tex/generic/pgf/basiclayer/pgfcoreexternal.code.tex
File: pgfcoreexternal.code.tex 2010/09/01  (rcs-revision 1.17)
\pgfexternal@startupbox=\box38
))
(/mnt/texlive/texmf-dist/tex/generic/pgf/basiclayer/pgfcorelayers.code.tex
File: pgfcorelayers.code.tex 2010/08/27  (rcs-revision 1.2)
)
(/mnt/texlive/texmf-dist/tex/generic/pgf/basiclayer/pgfcoretransparency.code.te
x
File: pgfcoretransparency.code.tex 2008/01/17  (rcs-revision 1.2)
) (/mnt/texlive/texmf-dist/tex/generic/pgf/basiclayer/pgfcorepatterns.code.tex
File: pgfcorepatterns.code.tex 2009/07/02  (rcs-revision 1.3)
))) (/mnt/texlive/texmf-dist/tex/generic/pgf/modules/pgfmoduleshapes.code.tex
File: pgfmoduleshapes.code.tex 2010/09/09  (rcs-revision 1.13)
\pgfnodeparttextbox=\box39
)
(/mnt/texlive/texmf-dist/tex/generic/pgf/modules/pgfmoduleplot.code.tex
File: pgfmoduleplot.code.tex 2010/10/22  (rcs-revision 1.8)
)
(/mnt/texlive/texmf-dist/tex/latex/pgf/compatibility/pgfcomp-version-0-65.sty
Package: pgfcomp-version-0-65 2007/07/03 v2.10 (rcs-revision 1.7)
\pgf@nodesepstart=\dimen201
\pgf@nodesepend=\dimen202
)
(/mnt/texlive/texmf-dist/tex/latex/pgf/compatibility/pgfcomp-version-1-18.sty
Package: pgfcomp-version-1-18 2007/07/23 v2.10 (rcs-revision 1.1)
))

******************************************************
Stock height and width: 845.04684pt by 597.50787pt
Top and edge trims: 0pt and 0pt
Page height and width: 845.04684pt by 597.50787pt
Text height and width: 679pt by 455pt
Spine and edge margins: 71.12122pt and 71.14258pt
Upper and lower margins: 89.01978pt and 77.02707pt
Headheight and headsep: 14.5pt and 19.8738pt
Footskip: 30pt
Columnsep and columnseprule: 10pt and 0pt
Marginparsep and marginparwidth: 7pt and 92pt
Sidecapsep and sidecapwidth: 7pt and 92pt
Sidebarhsep and sidebarwidth: 7pt and 92pt
Sidebarvsep and sidebartopsep: 14.5pt and 0pt
Sidebarheight: 590.14995pt
Sidefoothsep and sidefootwidth: 7pt and 92pt
Sidefootvsep and sidefootheight: 14.5pt and 590.14995pt
******************************************************


******************************************************
Stock height and width: 845.04684pt by 597.50787pt
Top and edge trims: 0pt and 0pt
Page height and width: 845.04684pt by 597.50787pt
Text height and width: 679pt by 455pt
Spine and edge margins: 71.12122pt and 71.14258pt
Upper and lower margins: 89.01978pt and 77.02707pt
Headheight and headsep: 14.5pt and 19.8738pt
Footskip: 30pt
Columnsep and columnseprule: 10pt and 0pt
Marginparsep and marginparwidth: 7pt and 92pt
Sidecapsep and sidecapwidth: 7pt and 92pt
Sidebarhsep and sidebarwidth: 7pt and 92pt
Sidebarvsep and sidebartopsep: 14.5pt and 0pt
Sidebarheight: 590.14995pt
Sidefoothsep and sidefootwidth: 7pt and 92pt
Sidefootvsep and sidefootheight: 14.5pt and 590.14995pt
******************************************************

) (/mnt/texlive/texmf-dist/tex/latex/listings/lstlang1.sty
File: lstlang1.sty 2004/09/05 1.3 listings language file
)
(/mnt/texlive/texmf-dist/tex/latex/listings/lstlang2.sty
File: lstlang2.sty 2004/09/05 1.3 listings language file
) (./paper.aux)
\openout1 = `paper.aux'.

LaTeX Font Info:    Checking defaults for OML/cmm/m/it on input line 7.
LaTeX Font Info:    ... okay on input line 7.
LaTeX Font Info:    Checking defaults for T1/cmr/m/n on input line 7.
LaTeX Font Info:    ... okay on input line 7.
LaTeX Font Info:    Checking defaults for OT1/cmr/m/n on input line 7.
LaTeX Font Info:    ... okay on input line 7.
LaTeX Font Info:    Checking defaults for OMS/cmsy/m/n on input line 7.
LaTeX Font Info:    ... okay on input line 7.
LaTeX Font Info:    Checking defaults for OMX/cmex/m/n on input line 7.
LaTeX Font Info:    ... okay on input line 7.
LaTeX Font Info:    Checking defaults for U/cmr/m/n on input line 7.
LaTeX Font Info:    ... okay on input line 7.
LaTeX Font Info:    Checking defaults for T2A/cmr/m/n on input line 7.
LaTeX Font Info:    ... okay on input line 7.
LaTeX Font Info:    Checking defaults for TS1/cmr/m/n on input line 7.
LaTeX Font Info:    Try loading font information for TS1+cmr on input line 7.

(/mnt/texlive/texmf-dist/tex/latex/base/ts1cmr.fd
File: ts1cmr.fd 1999/05/25 v2.5h Standard LaTeX font definitions
)
LaTeX Font Info:    ... okay on input line 7.
LaTeX Font Info:    Checking defaults for PD1/pdf/m/n on input line 7.
LaTeX Font Info:    ... okay on input line 7.
LaTeX Font Info:    Checking defaults for PU/pdf/m/n on input line 7.
LaTeX Font Info:    ... okay on input line 7.

(/mnt/texlive/texmf-dist/tex/context/base/supp-pdf.mkii
[Loading MPS to PDF converter (version 2006.09.02).]
\scratchcounter=\count181
\scratchdimen=\dimen203
\scratchbox=\box40
\nofMPsegments=\count182
\nofMParguments=\count183
\everyMPshowfont=\toks45
\MPscratchCnt=\count184
\MPscratchDim=\dimen204
\MPnumerator=\count185
\makeMPintoPDFobject=\count186
\everyMPtoPDFconversion=\toks46
) (/mnt/texlive/texmf-dist/tex/latex/oberdiek/epstopdf-base.sty
Package: epstopdf-base 2010/02/09 v2.5 Base part for package epstopdf

(/mnt/texlive/texmf-dist/tex/latex/oberdiek/grfext.sty
Package: grfext 2010/08/19 v1.1 Managing graphics extensions (HO)
)
Package grfext Info: Graphics extension search list:
(grfext)             [.png,.pdf,.jpg,.mps,.jpeg,.jbig2,.jb2,.PNG,.PDF,.JPG,.JPE
G,.JBIG2,.JB2,.eps]
(grfext)             \AppendGraphicsExtensions on input line 452.

(/mnt/texlive/texmf-dist/tex/latex/latexconfig/epstopdf-sys.cfg
File: epstopdf-sys.cfg 2010/07/13 v1.3 Configuration of (r)epstopdf for TeX Liv
e
))
\c@lstlisting=\count187
\AtBeginShipoutBox=\box41
Package hyperref Info: Link coloring OFF on input line 7.

(/mnt/texlive/texmf-dist/tex/latex/hyperref/nameref.sty
Package: nameref 2010/04/30 v2.40 Cross-referencing by name of section

(/mnt/texlive/texmf-dist/tex/generic/oberdiek/gettitlestring.sty
Package: gettitlestring 2010/12/03 v1.4 Cleanup title references (HO)
)
\c@section@level=\count188
)
Redoing nameref's sectioning
Redoing nameref's label
LaTeX Info: Redefining \nameref on input line 7.
LaTeX Info: Redefining \ref on input line 7.
LaTeX Info: Redefining \pageref on input line 7.
LaTeX Info: Redefining \nameref on input line 7.
(./paper.out) (./paper.out)
\@outlinefile=\write5
\openout5 = `paper.out'.

 ABD: EveryShipout initializing macros<<ot1.cmap>><<oml.cmap>><<oms.cmap>><<omx
.cmap>>
LaTeX Font Info:    Try loading font information for U+msa on input line 16.

(/mnt/texlive/texmf-dist/tex/latex/amsfonts/umsa.fd
File: umsa.fd 2009/06/22 v3.00 AMS symbols A
)
LaTeX Font Info:    Try loading font information for U+msb on input line 16.

(/mnt/texlive/texmf-dist/tex/latex/amsfonts/umsb.fd
File: umsb.fd 2009/06/22 v3.00 AMS symbols B
) [1


{/mnt/texlive-var/fonts/map/pdftex/updmap/pdftex.map

pdfTeX warning: pdflatex (file /mnt/texlive-var/fonts/map/pdftex/updmap/pdftex.
map): fontmap entry for `PTSans-Bold-tlf-il2' already exists, duplicates ignore
d


pdfTeX warning: pdflatex (file /mnt/texlive-var/fonts/map/pdftex/updmap/pdftex.
map): fontmap entry for `PTSans-Bold-tlf-ot1' already exists, duplicates ignore
d


pdfTeX warning: pdflatex (file /mnt/texlive-var/fonts/map/pdftex/updmap/pdftex.
map): fontmap entry for `PTSans-Bold-tlf-t1--base' already exists, duplicates i
gnored


pdfTeX warning: pdflatex (file /mnt/texlive-var/fonts/map/pdftex/updmap/pdftex.
map): fontmap entry for `PTSans-Bold-tlf-t2a--base' already exists, duplicates 
ignored


pdfTeX warning: pdflatex (file /mnt/texlive-var/fonts/map/pdftex/updmap/pdftex.
map): fontmap entry for `PTSans-Bold-tlf-t2b--base' already exists, duplicates 
ignored


pdfTeX warning: pdflatex (file /mnt/texlive-var/fonts/map/pdftex/updmap/pdftex.
map): fontmap entry for `PTSans-Bold-tlf-t2c--base' already exists, duplicates 
ignored


pdfTeX warning: pdflatex (file /mnt/texlive-var/fonts/map/pdftex/updmap/pdftex.
map): fontmap entry for `PTSans-Bold-tlf-ts1--base' already exists, duplicates 
ignored


pdfTeX warning: pdflatex (file /mnt/texlive-var/fonts/map/pdftex/updmap/pdftex.
map): fontmap entry for `PTSans-Bold-tlf-x2--base' already exists, duplicates i
gnored


pdfTeX warning: pdflatex (file /mnt/texlive-var/fonts/map/pdftex/updmap/pdftex.
map): fontmap entry for `PTSans-BoldItalic-tlf-il2' already exists, duplicates 
ignored


pdfTeX warning: pdflatex (file /mnt/texlive-var/fonts/map/pdftex/updmap/pdftex.
map): fontmap entry for `PTSans-BoldItalic-tlf-ot1' already exists, duplicates 
ignored


pdfTeX warning: pdflatex (file /mnt/texlive-var/fonts/map/pdftex/updmap/pdftex.
map): fontmap entry for `PTSans-BoldItalic-tlf-t1--base' already exists, duplic
ates ignored


pdfTeX warning: pdflatex (file /mnt/texlive-var/fonts/map/pdftex/updmap/pdftex.
map): fontmap entry for `PTSans-BoldItalic-tlf-t2a--base' already exists, dupli
cates ignored


pdfTeX warning: pdflatex (file /mnt/texlive-var/fonts/map/pdftex/updmap/pdftex.
map): fontmap entry for `PTSans-BoldItalic-tlf-t2b--base' already exists, dupli
cates ignored


pdfTeX warning: pdflatex (file /mnt/texlive-var/fonts/map/pdftex/updmap/pdftex.
map): fontmap entry for `PTSans-BoldItalic-tlf-t2c--base' already exists, dupli
cates ignored


pdfTeX warning: pdflatex (file /mnt/texlive-var/fonts/map/pdftex/updmap/pdftex.
map): fontmap entry for `PTSans-BoldItalic-tlf-ts1--base' already exists, dupli
cates ignored


pdfTeX warning: pdflatex (file /mnt/texlive-var/fonts/map/pdftex/updmap/pdftex.
map): fontmap entry for `PTSans-BoldItalic-tlf-x2--base' already exists, duplic
ates ignored


pdfTeX warning: pdflatex (file /mnt/texlive-var/fonts/map/pdftex/updmap/pdftex.
map): fontmap entry for `PTSans-Caption-tlf-il2' already exists, duplicates ign
ored


pdfTeX warning: pdflatex (file /mnt/texlive-var/fonts/map/pdftex/updmap/pdftex.
map): fontmap entry for `PTSans-Caption-tlf-ot1' already exists, duplicates ign
ored


pdfTeX warning: pdflatex (file /mnt/texlive-var/fonts/map/pdftex/updmap/pdftex.
map): fontmap entry for `PTSans-Caption-tlf-t1--base' already exists, duplicate
s ignored


pdfTeX warning: pdflatex (file /mnt/texlive-var/fonts/map/pdftex/updmap/pdftex.
map): fontmap entry for `PTSans-Caption-tlf-t2a--base' already exists, duplicat
es ignored


pdfTeX warning: pdflatex (file /mnt/texlive-var/fonts/map/pdftex/updmap/pdftex.
map): fontmap entry for `PTSans-Caption-tlf-t2b--base' already exists, duplicat
es ignored


pdfTeX warning: pdflatex (file /mnt/texlive-var/fonts/map/pdftex/updmap/pdftex.
map): fontmap entry for `PTSans-Caption-tlf-t2c--base' already exists, duplicat
es ignored


pdfTeX warning: pdflatex (file /mnt/texlive-var/fonts/map/pdftex/updmap/pdftex.
map): fontmap entry for `PTSans-Caption-tlf-ts1--base' already exists, duplicat
es ignored


pdfTeX warning: pdflatex (file /mnt/texlive-var/fonts/map/pdftex/updmap/pdftex.
map): fontmap entry for `PTSans-Caption-tlf-x2--base' already exists, duplicate
s ignored


pdfTeX warning: pdflatex (file /mnt/texlive-var/fonts/map/pdftex/updmap/pdftex.
map): fontmap entry for `PTSans-CaptionBold-tlf-il2' already exists, duplicates
 ignored


pdfTeX warning: pdflatex (file /mnt/texlive-var/fonts/map/pdftex/updmap/pdftex.
map): fontmap entry for `PTSans-CaptionBold-tlf-ot1' already exists, duplicates
 ignored


pdfTeX warning: pdflatex (file /mnt/texlive-var/fonts/map/pdftex/updmap/pdftex.
map): fontmap entry for `PTSans-CaptionBold-tlf-t1--base' already exists, dupli
cates ignored


pdfTeX warning: pdflatex (file /mnt/texlive-var/fonts/map/pdftex/updmap/pdftex.
map): fontmap entry for `PTSans-CaptionBold-tlf-t2a--base' already exists, dupl
icates ignored


pdfTeX warning: pdflatex (file /mnt/texlive-var/fonts/map/pdftex/updmap/pdftex.
map): fontmap entry for `PTSans-CaptionBold-tlf-t2b--base' already exists, dupl
icates ignored


pdfTeX warning: pdflatex (file /mnt/texlive-var/fonts/map/pdftex/updmap/pdftex.
map): fontmap entry for `PTSans-CaptionBold-tlf-t2c--base' already exists, dupl
icates ignored


pdfTeX warning: pdflatex (file /mnt/texlive-var/fonts/map/pdftex/updmap/pdftex.
map): fontmap entry for `PTSans-CaptionBold-tlf-ts1--base' already exists, dupl
icates ignored


pdfTeX warning: pdflatex (file /mnt/texlive-var/fonts/map/pdftex/updmap/pdftex.
map): fontmap entry for `PTSans-CaptionBold-tlf-x2--base' already exists, dupli
cates ignored


pdfTeX warning: pdflatex (file /mnt/texlive-var/fonts/map/pdftex/updmap/pdftex.
map): fontmap entry for `PTSans-Italic-tlf-il2' already exists, duplicates igno
red


pdfTeX warning: pdflatex (file /mnt/texlive-var/fonts/map/pdftex/updmap/pdftex.
map): fontmap entry for `PTSans-Italic-tlf-ot1' already exists, duplicates igno
red


pdfTeX warning: pdflatex (file /mnt/texlive-var/fonts/map/pdftex/updmap/pdftex.
map): fontmap entry for `PTSans-Italic-tlf-t1--base' already exists, duplicates
 ignored


pdfTeX warning: pdflatex (file /mnt/texlive-var/fonts/map/pdftex/updmap/pdftex.
map): fontmap entry for `PTSans-Italic-tlf-t2a--base' already exists, duplicate
s ignored


pdfTeX warning: pdflatex (file /mnt/texlive-var/fonts/map/pdftex/updmap/pdftex.
map): fontmap entry for `PTSans-Italic-tlf-t2b--base' already exists, duplicate
s ignored


pdfTeX warning: pdflatex (file /mnt/texlive-var/fonts/map/pdftex/updmap/pdftex.
map): fontmap entry for `PTSans-Italic-tlf-t2c--base' already exists, duplicate
s ignored


pdfTeX warning: pdflatex (file /mnt/texlive-var/fonts/map/pdftex/updmap/pdftex.
map): fontmap entry for `PTSans-Italic-tlf-ts1--base' already exists, duplicate
s ignored


pdfTeX warning: pdflatex (file /mnt/texlive-var/fonts/map/pdftex/updmap/pdftex.
map): fontmap entry for `PTSans-Italic-tlf-x2--base' already exists, duplicates
 ignored


pdfTeX warning: pdflatex (file /mnt/texlive-var/fonts/map/pdftex/updmap/pdftex.
map): fontmap entry for `PTSans-Narrow-tlf-il2' already exists, duplicates igno
red


pdfTeX warning: pdflatex (file /mnt/texlive-var/fonts/map/pdftex/updmap/pdftex.
map): fontmap entry for `PTSans-Narrow-tlf-ot1' already exists, duplicates igno
red


pdfTeX warning: pdflatex (file /mnt/texlive-var/fonts/map/pdftex/updmap/pdftex.
map): fontmap entry for `PTSans-Narrow-tlf-t1--base' already exists, duplicates
 ignored


pdfTeX warning: pdflatex (file /mnt/texlive-var/fonts/map/pdftex/updmap/pdftex.
map): fontmap entry for `PTSans-Narrow-tlf-t2a--base' already exists, duplicate
s ignored


pdfTeX warning: pdflatex (file /mnt/texlive-var/fonts/map/pdftex/updmap/pdftex.
map): fontmap entry for `PTSans-Narrow-tlf-t2b--base' already exists, duplicate
s ignored


pdfTeX warning: pdflatex (file /mnt/texlive-var/fonts/map/pdftex/updmap/pdftex.
map): fontmap entry for `PTSans-Narrow-tlf-t2c--base' already exists, duplicate
s ignored


pdfTeX warning: pdflatex (file /mnt/texlive-var/fonts/map/pdftex/updmap/pdftex.
map): fontmap entry for `PTSans-Narrow-tlf-ts1--base' already exists, duplicate
s ignored


pdfTeX warning: pdflatex (file /mnt/texlive-var/fonts/map/pdftex/updmap/pdftex.
map): fontmap entry for `PTSans-Narrow-tlf-x2--base' already exists, duplicates
 ignored


pdfTeX warning: pdflatex (file /mnt/texlive-var/fonts/map/pdftex/updmap/pdftex.
map): fontmap entry for `PTSans-NarrowBold-tlf-il2' already exists, duplicates 
ignored


pdfTeX warning: pdflatex (file /mnt/texlive-var/fonts/map/pdftex/updmap/pdftex.
map): fontmap entry for `PTSans-NarrowBold-tlf-ot1' already exists, duplicates 
ignored


pdfTeX warning: pdflatex (file /mnt/texlive-var/fonts/map/pdftex/updmap/pdftex.
map): fontmap entry for `PTSans-NarrowBold-tlf-t1--base' already exists, duplic
ates ignored


pdfTeX warning: pdflatex (file /mnt/texlive-var/fonts/map/pdftex/updmap/pdftex.
map): fontmap entry for `PTSans-NarrowBold-tlf-t2a--base' already exists, dupli
cates ignored


pdfTeX warning: pdflatex (file /mnt/texlive-var/fonts/map/pdftex/updmap/pdftex.
map): fontmap entry for `PTSans-NarrowBold-tlf-t2b--base' already exists, dupli
cates ignored


pdfTeX warning: pdflatex (file /mnt/texlive-var/fonts/map/pdftex/updmap/pdftex.
map): fontmap entry for `PTSans-NarrowBold-tlf-t2c--base' already exists, dupli
cates ignored


pdfTeX warning: pdflatex (file /mnt/texlive-var/fonts/map/pdftex/updmap/pdftex.
map): fontmap entry for `PTSans-NarrowBold-tlf-ts1--base' already exists, dupli
cates ignored


pdfTeX warning: pdflatex (file /mnt/texlive-var/fonts/map/pdftex/updmap/pdftex.
map): fontmap entry for `PTSans-NarrowBold-tlf-x2--base' already exists, duplic
ates ignored


pdfTeX warning: pdflatex (file /mnt/texlive-var/fonts/map/pdftex/updmap/pdftex.
map): fontmap entry for `PTSans-Regular-tlf-il2' already exists, duplicates ign
ored


pdfTeX warning: pdflatex (file /mnt/texlive-var/fonts/map/pdftex/updmap/pdftex.
map): fontmap entry for `PTSans-Regular-tlf-ot1' already exists, duplicates ign
ored


pdfTeX warning: pdflatex (file /mnt/texlive-var/fonts/map/pdftex/updmap/pdftex.
map): fontmap entry for `PTSans-Regular-tlf-t1--base' already exists, duplicate
s ignored


pdfTeX warning: pdflatex (file /mnt/texlive-var/fonts/map/pdftex/updmap/pdftex.
map): fontmap entry for `PTSans-Regular-tlf-t2a--base' already exists, duplicat
es ignored


pdfTeX warning: pdflatex (file /mnt/texlive-var/fonts/map/pdftex/updmap/pdftex.
map): fontmap entry for `PTSans-Regular-tlf-t2b--base' already exists, duplicat
es ignored


pdfTeX warning: pdflatex (file /mnt/texlive-var/fonts/map/pdftex/updmap/pdftex.
map): fontmap entry for `PTSans-Regular-tlf-t2c--base' already exists, duplicat
es ignored


pdfTeX warning: pdflatex (file /mnt/texlive-var/fonts/map/pdftex/updmap/pdftex.
map): fontmap entry for `PTSans-Regular-tlf-ts1--base' already exists, duplicat
es ignored


pdfTeX warning: pdflatex (file /mnt/texlive-var/fonts/map/pdftex/updmap/pdftex.
map): fontmap entry for `PTSans-Regular-tlf-x2--base' already exists, duplicate
s ignored


pdfTeX warning: pdflatex (file /mnt/texlive-var/fonts/map/pdftex/updmap/pdftex.
map): fontmap entry for `PTSerif-Bold-tlf-il2' already exists, duplicates ignor
ed


pdfTeX warning: pdflatex (file /mnt/texlive-var/fonts/map/pdftex/updmap/pdftex.
map): fontmap entry for `PTSerif-Bold-tlf-ot1' already exists, duplicates ignor
ed


pdfTeX warning: pdflatex (file /mnt/texlive-var/fonts/map/pdftex/updmap/pdftex.
map): fontmap entry for `PTSerif-Bold-tlf-t1--base' already exists, duplicates 
ignored


pdfTeX warning: pdflatex (file /mnt/texlive-var/fonts/map/pdftex/updmap/pdftex.
map): fontmap entry for `PTSerif-Bold-tlf-t2a--base' already exists, duplicates
 ignored


pdfTeX warning: pdflatex (file /mnt/texlive-var/fonts/map/pdftex/updmap/pdftex.
map): fontmap entry for `PTSerif-Bold-tlf-t2b--base' already exists, duplicates
 ignored


pdfTeX warning: pdflatex (file /mnt/texlive-var/fonts/map/pdftex/updmap/pdftex.
map): fontmap entry for `PTSerif-Bold-tlf-t2c--base' already exists, duplicates
 ignored


pdfTeX warning: pdflatex (file /mnt/texlive-var/fonts/map/pdftex/updmap/pdftex.
map): fontmap entry for `PTSerif-Bold-tlf-ts1--base' already exists, duplicates
 ignored


pdfTeX warning: pdflatex (file /mnt/texlive-var/fonts/map/pdftex/updmap/pdftex.
map): fontmap entry for `PTSerif-Bold-tlf-x2--base' already exists, duplicates 
ignored


pdfTeX warning: pdflatex (file /mnt/texlive-var/fonts/map/pdftex/updmap/pdftex.
map): fontmap entry for `PTSerif-BoldItalic-tlf-il2' already exists, duplicates
 ignored


pdfTeX warning: pdflatex (file /mnt/texlive-var/fonts/map/pdftex/updmap/pdftex.
map): fontmap entry for `PTSerif-BoldItalic-tlf-ot1' already exists, duplicates
 ignored


pdfTeX warning: pdflatex (file /mnt/texlive-var/fonts/map/pdftex/updmap/pdftex.
map): fontmap entry for `PTSerif-BoldItalic-tlf-t1--base' already exists, dupli
cates ignored


pdfTeX warning: pdflatex (file /mnt/texlive-var/fonts/map/pdftex/updmap/pdftex.
map): fontmap entry for `PTSerif-BoldItalic-tlf-t2a--base' already exists, dupl
icates ignored


pdfTeX warning: pdflatex (file /mnt/texlive-var/fonts/map/pdftex/updmap/pdftex.
map): fontmap entry for `PTSerif-BoldItalic-tlf-t2b--base' already exists, dupl
icates ignored


pdfTeX warning: pdflatex (file /mnt/texlive-var/fonts/map/pdftex/updmap/pdftex.
map): fontmap entry for `PTSerif-BoldItalic-tlf-t2c--base' already exists, dupl
icates ignored


pdfTeX warning: pdflatex (file /mnt/texlive-var/fonts/map/pdftex/updmap/pdftex.
map): fontmap entry for `PTSerif-BoldItalic-tlf-ts1--base' already exists, dupl
icates ignored


pdfTeX warning: pdflatex (file /mnt/texlive-var/fonts/map/pdftex/updmap/pdftex.
map): fontmap entry for `PTSerif-BoldItalic-tlf-x2--base' already exists, dupli
cates ignored


pdfTeX warning: pdflatex (file /mnt/texlive-var/fonts/map/pdftex/updmap/pdftex.
map): invalid entry for `PTSerif-BoldSlanted-tlf-il2': SlantFont/ExtendFont can
 be used only with embedded Type1 fonts


pdfTeX warning: pdflatex (file /mnt/texlive-var/fonts/map/pdftex/updmap/pdftex.
map): invalid entry for `PTSerif-BoldSlanted-tlf-ot1': SlantFont/ExtendFont can
 be used only with embedded Type1 fonts


pdfTeX warning: pdflatex (file /mnt/texlive-var/fonts/map/pdftex/updmap/pdftex.
map): invalid entry for `PTSerif-BoldSlanted-tlf-t1--base': SlantFont/ExtendFon
t can be used only with embedded Type1 fonts


pdfTeX warning: pdflatex (file /mnt/texlive-var/fonts/map/pdftex/updmap/pdftex.
map): invalid entry for `PTSerif-BoldSlanted-tlf-t2a--base': SlantFont/ExtendFo
nt can be used only with embedded Type1 fonts


pdfTeX warning: pdflatex (file /mnt/texlive-var/fonts/map/pdftex/updmap/pdftex.
map): invalid entry for `PTSerif-BoldSlanted-tlf-t2b--base': SlantFont/ExtendFo
nt can be used only with embedded Type1 fonts


pdfTeX warning: pdflatex (file /mnt/texlive-var/fonts/map/pdftex/updmap/pdftex.
map): invalid entry for `PTSerif-BoldSlanted-tlf-t2c--base': SlantFont/ExtendFo
nt can be used only with embedded Type1 fonts


pdfTeX warning: pdflatex (file /mnt/texlive-var/fonts/map/pdftex/updmap/pdftex.
map): invalid entry for `PTSerif-BoldSlanted-tlf-ts1--base': SlantFont/ExtendFo
nt can be used only with embedded Type1 fonts


pdfTeX warning: pdflatex (file /mnt/texlive-var/fonts/map/pdftex/updmap/pdftex.
map): invalid entry for `PTSerif-BoldSlanted-tlf-x2--base': SlantFont/ExtendFon
t can be used only with embedded Type1 fonts


pdfTeX warning: pdflatex (file /mnt/texlive-var/fonts/map/pdftex/updmap/pdftex.
map): invalid entry for `PTSerif-BoldUprightItalic-tlf-il2': SlantFont/ExtendFo
nt can be used only with embedded Type1 fonts


pdfTeX warning: pdflatex (file /mnt/texlive-var/fonts/map/pdftex/updmap/pdftex.
map): invalid entry for `PTSerif-BoldUprightItalic-tlf-ot1': SlantFont/ExtendFo
nt can be used only with embedded Type1 fonts


pdfTeX warning: pdflatex (file /mnt/texlive-var/fonts/map/pdftex/updmap/pdftex.
map): invalid entry for `PTSerif-BoldUprightItalic-tlf-t1--base': SlantFont/Ext
endFont can be used only with embedded Type1 fonts


pdfTeX warning: pdflatex (file /mnt/texlive-var/fonts/map/pdftex/updmap/pdftex.
map): invalid entry for `PTSerif-BoldUprightItalic-tlf-t2a--base': SlantFont/Ex
tendFont can be used only with embedded Type1 fonts


pdfTeX warning: pdflatex (file /mnt/texlive-var/fonts/map/pdftex/updmap/pdftex.
map): invalid entry for `PTSerif-BoldUprightItalic-tlf-t2b--base': SlantFont/Ex
tendFont can be used only with embedded Type1 fonts


pdfTeX warning: pdflatex (file /mnt/texlive-var/fonts/map/pdftex/updmap/pdftex.
map): invalid entry for `PTSerif-BoldUprightItalic-tlf-t2c--base': SlantFont/Ex
tendFont can be used only with embedded Type1 fonts


pdfTeX warning: pdflatex (file /mnt/texlive-var/fonts/map/pdftex/updmap/pdftex.
map): invalid entry for `PTSerif-BoldUprightItalic-tlf-ts1--base': SlantFont/Ex
tendFont can be used only with embedded Type1 fonts


pdfTeX warning: pdflatex (file /mnt/texlive-var/fonts/map/pdftex/updmap/pdftex.
map): invalid entry for `PTSerif-BoldUprightItalic-tlf-x2--base': SlantFont/Ext
endFont can be used only with embedded Type1 fonts


pdfTeX warning: pdflatex (file /mnt/texlive-var/fonts/map/pdftex/updmap/pdftex.
map): fontmap entry for `PTSerif-Caption-tlf-il2' already exists, duplicates ig
nored


pdfTeX warning: pdflatex (file /mnt/texlive-var/fonts/map/pdftex/updmap/pdftex.
map): fontmap entry for `PTSerif-Caption-tlf-ot1' already exists, duplicates ig
nored


pdfTeX warning: pdflatex (file /mnt/texlive-var/fonts/map/pdftex/updmap/pdftex.
map): fontmap entry for `PTSerif-Caption-tlf-t1--base' already exists, duplicat
es ignored


pdfTeX warning: pdflatex (file /mnt/texlive-var/fonts/map/pdftex/updmap/pdftex.
map): fontmap entry for `PTSerif-Caption-tlf-t2a--base' already exists, duplica
tes ignored


pdfTeX warning: pdflatex (file /mnt/texlive-var/fonts/map/pdftex/updmap/pdftex.
map): fontmap entry for `PTSerif-Caption-tlf-t2b--base' already exists, duplica
tes ignored


pdfTeX warning: pdflatex (file /mnt/texlive-var/fonts/map/pdftex/updmap/pdftex.
map): fontmap entry for `PTSerif-Caption-tlf-t2c--base' already exists, duplica
tes ignored


pdfTeX warning: pdflatex (file /mnt/texlive-var/fonts/map/pdftex/updmap/pdftex.
map): fontmap entry for `PTSerif-Caption-tlf-ts1--base' already exists, duplica
tes ignored


pdfTeX warning: pdflatex (file /mnt/texlive-var/fonts/map/pdftex/updmap/pdftex.
map): fontmap entry for `PTSerif-Caption-tlf-x2--base' already exists, duplicat
es ignored


pdfTeX warning: pdflatex (file /mnt/texlive-var/fonts/map/pdftex/updmap/pdftex.
map): fontmap entry for `PTSerif-CaptionItalic-tlf-il2' already exists, duplica
tes ignored


pdfTeX warning: pdflatex (file /mnt/texlive-var/fonts/map/pdftex/updmap/pdftex.
map): fontmap entry for `PTSerif-CaptionItalic-tlf-ot1' already exists, duplica
tes ignored


pdfTeX warning: pdflatex (file /mnt/texlive-var/fonts/map/pdftex/updmap/pdftex.
map): fontmap entry for `PTSerif-CaptionItalic-tlf-t1--base' already exists, du
plicates ignored


pdfTeX warning: pdflatex (file /mnt/texlive-var/fonts/map/pdftex/updmap/pdftex.
map): fontmap entry for `PTSerif-CaptionItalic-tlf-t2a--base' already exists, d
uplicates ignored


pdfTeX warning: pdflatex (file /mnt/texlive-var/fonts/map/pdftex/updmap/pdftex.
map): fontmap entry for `PTSerif-CaptionItalic-tlf-t2b--base' already exists, d
uplicates ignored


pdfTeX warning: pdflatex (file /mnt/texlive-var/fonts/map/pdftex/updmap/pdftex.
map): fontmap entry for `PTSerif-CaptionItalic-tlf-t2c--base' already exists, d
uplicates ignored


pdfTeX warning: pdflatex (file /mnt/texlive-var/fonts/map/pdftex/updmap/pdftex.
map): fontmap entry for `PTSerif-CaptionItalic-tlf-ts1--base' already exists, d
uplicates ignored


pdfTeX warning: pdflatex (file /mnt/texlive-var/fonts/map/pdftex/updmap/pdftex.
map): fontmap entry for `PTSerif-CaptionItalic-tlf-x2--base' already exists, du
plicates ignored


pdfTeX warning: pdflatex (file /mnt/texlive-var/fonts/map/pdftex/updmap/pdftex.
map): invalid entry for `PTSerif-CaptionSlanted-tlf-il2': SlantFont/ExtendFont 
can be used only with embedded Type1 fonts


pdfTeX warning: pdflatex (file /mnt/texlive-var/fonts/map/pdftex/updmap/pdftex.
map): invalid entry for `PTSerif-CaptionSlanted-tlf-ot1': SlantFont/ExtendFont 
can be used only with embedded Type1 fonts


pdfTeX warning: pdflatex (file /mnt/texlive-var/fonts/map/pdftex/updmap/pdftex.
map): invalid entry for `PTSerif-CaptionSlanted-tlf-t1--base': SlantFont/Extend
Font can be used only with embedded Type1 fonts


pdfTeX warning: pdflatex (file /mnt/texlive-var/fonts/map/pdftex/updmap/pdftex.
map): invalid entry for `PTSerif-CaptionSlanted-tlf-t2a--base': SlantFont/Exten
dFont can be used only with embedded Type1 fonts


pdfTeX warning: pdflatex (file /mnt/texlive-var/fonts/map/pdftex/updmap/pdftex.
map): invalid entry for `PTSerif-CaptionSlanted-tlf-t2b--base': SlantFont/Exten
dFont can be used only with embedded Type1 fonts


pdfTeX warning: pdflatex (file /mnt/texlive-var/fonts/map/pdftex/updmap/pdftex.
map): invalid entry for `PTSerif-CaptionSlanted-tlf-t2c--base': SlantFont/Exten
dFont can be used only with embedded Type1 fonts


pdfTeX warning: pdflatex (file /mnt/texlive-var/fonts/map/pdftex/updmap/pdftex.
map): invalid entry for `PTSerif-CaptionSlanted-tlf-ts1--base': SlantFont/Exten
dFont can be used only with embedded Type1 fonts


pdfTeX warning: pdflatex (file /mnt/texlive-var/fonts/map/pdftex/updmap/pdftex.
map): invalid entry for `PTSerif-CaptionSlanted-tlf-x2--base': SlantFont/Extend
Font can be used only with embedded Type1 fonts


pdfTeX warning: pdflatex (file /mnt/texlive-var/fonts/map/pdftex/updmap/pdftex.
map): invalid entry for `PTSerif-CaptionUprightItalic-tlf-il2': SlantFont/Exten
dFont can be used only with embedded Type1 fonts


pdfTeX warning: pdflatex (file /mnt/texlive-var/fonts/map/pdftex/updmap/pdftex.
map): invalid entry for `PTSerif-CaptionUprightItalic-tlf-ot1': SlantFont/Exten
dFont can be used only with embedded Type1 fonts


pdfTeX warning: pdflatex (file /mnt/texlive-var/fonts/map/pdftex/updmap/pdftex.
map): invalid entry for `PTSerif-CaptionUprightItalic-tlf-t1--base': SlantFont/
ExtendFont can be used only with embedded Type1 fonts


pdfTeX warning: pdflatex (file /mnt/texlive-var/fonts/map/pdftex/updmap/pdftex.
map): invalid entry for `PTSerif-CaptionUprightItalic-tlf-t2a--base': SlantFont
/ExtendFont can be used only with embedded Type1 fonts


pdfTeX warning: pdflatex (file /mnt/texlive-var/fonts/map/pdftex/updmap/pdftex.
map): invalid entry for `PTSerif-CaptionUprightItalic-tlf-t2b--base': SlantFont
/ExtendFont can be used only with embedded Type1 fonts


pdfTeX warning: pdflatex (file /mnt/texlive-var/fonts/map/pdftex/updmap/pdftex.
map): invalid entry for `PTSerif-CaptionUprightItalic-tlf-t2c--base': SlantFont
/ExtendFont can be used only with embedded Type1 fonts


pdfTeX warning: pdflatex (file /mnt/texlive-var/fonts/map/pdftex/updmap/pdftex.
map): invalid entry for `PTSerif-CaptionUprightItalic-tlf-ts1--base': SlantFont
/ExtendFont can be used only with embedded Type1 fonts


pdfTeX warning: pdflatex (file /mnt/texlive-var/fonts/map/pdftex/updmap/pdftex.
map): invalid entry for `PTSerif-CaptionUprightItalic-tlf-x2--base': SlantFont/
ExtendFont can be used only with embedded Type1 fonts


pdfTeX warning: pdflatex (file /mnt/texlive-var/fonts/map/pdftex/updmap/pdftex.
map): fontmap entry for `PTSerif-Italic-tlf-il2' already exists, duplicates ign
ored


pdfTeX warning: pdflatex (file /mnt/texlive-var/fonts/map/pdftex/updmap/pdftex.
map): fontmap entry for `PTSerif-Italic-tlf-ot1' already exists, duplicates ign
ored


pdfTeX warning: pdflatex (file /mnt/texlive-var/fonts/map/pdftex/updmap/pdftex.
map): fontmap entry for `PTSerif-Italic-tlf-t1--base' already exists, duplicate
s ignored


pdfTeX warning: pdflatex (file /mnt/texlive-var/fonts/map/pdftex/updmap/pdftex.
map): fontmap entry for `PTSerif-Italic-tlf-t2a--base' already exists, duplicat
es ignored


pdfTeX warning: pdflatex (file /mnt/texlive-var/fonts/map/pdftex/updmap/pdftex.
map): fontmap entry for `PTSerif-Italic-tlf-t2b--base' already exists, duplicat
es ignored


pdfTeX warning: pdflatex (file /mnt/texlive-var/fonts/map/pdftex/updmap/pdftex.
map): fontmap entry for `PTSerif-Italic-tlf-t2c--base' already exists, duplicat
es ignored


pdfTeX warning: pdflatex (file /mnt/texlive-var/fonts/map/pdftex/updmap/pdftex.
map): fontmap entry for `PTSerif-Italic-tlf-ts1--base' already exists, duplicat
es ignored


pdfTeX warning: pdflatex (file /mnt/texlive-var/fonts/map/pdftex/updmap/pdftex.
map): fontmap entry for `PTSerif-Italic-tlf-x2--base' already exists, duplicate
s ignored


pdfTeX warning: pdflatex (file /mnt/texlive-var/fonts/map/pdftex/updmap/pdftex.
map): fontmap entry for `PTSerif-Regular-tlf-il2' already exists, duplicates ig
nored


pdfTeX warning: pdflatex (file /mnt/texlive-var/fonts/map/pdftex/updmap/pdftex.
map): fontmap entry for `PTSerif-Regular-tlf-ot1' already exists, duplicates ig
nored


pdfTeX warning: pdflatex (file /mnt/texlive-var/fonts/map/pdftex/updmap/pdftex.
map): fontmap entry for `PTSerif-Regular-tlf-t1--base' already exists, duplicat
es ignored


pdfTeX warning: pdflatex (file /mnt/texlive-var/fonts/map/pdftex/updmap/pdftex.
map): fontmap entry for `PTSerif-Regular-tlf-t2a--base' already exists, duplica
tes ignored


pdfTeX warning: pdflatex (file /mnt/texlive-var/fonts/map/pdftex/updmap/pdftex.
map): fontmap entry for `PTSerif-Regular-tlf-t2b--base' already exists, duplica
tes ignored


pdfTeX warning: pdflatex (file /mnt/texlive-var/fonts/map/pdftex/updmap/pdftex.
map): fontmap entry for `PTSerif-Regular-tlf-t2c--base' already exists, duplica
tes ignored


pdfTeX warning: pdflatex (file /mnt/texlive-var/fonts/map/pdftex/updmap/pdftex.
map): fontmap entry for `PTSerif-Regular-tlf-ts1--base' already exists, duplica
tes ignored


pdfTeX warning: pdflatex (file /mnt/texlive-var/fonts/map/pdftex/updmap/pdftex.
map): fontmap entry for `PTSerif-Regular-tlf-x2--base' already exists, duplicat
es ignored


pdfTeX warning: pdflatex (file /mnt/texlive-var/fonts/map/pdftex/updmap/pdftex.
map): invalid entry for `PTSerif-Slanted-tlf-il2': SlantFont/ExtendFont can be 
used only with embedded Type1 fonts


pdfTeX warning: pdflatex (file /mnt/texlive-var/fonts/map/pdftex/updmap/pdftex.
map): invalid entry for `PTSerif-Slanted-tlf-ot1': SlantFont/ExtendFont can be 
used only with embedded Type1 fonts


pdfTeX warning: pdflatex (file /mnt/texlive-var/fonts/map/pdftex/updmap/pdftex.
map): invalid entry for `PTSerif-Slanted-tlf-t1--base': SlantFont/ExtendFont ca
n be used only with embedded Type1 fonts


pdfTeX warning: pdflatex (file /mnt/texlive-var/fonts/map/pdftex/updmap/pdftex.
map): invalid entry for `PTSerif-Slanted-tlf-t2a--base': SlantFont/ExtendFont c
an be used only with embedded Type1 fonts


pdfTeX warning: pdflatex (file /mnt/texlive-var/fonts/map/pdftex/updmap/pdftex.
map): invalid entry for `PTSerif-Slanted-tlf-t2b--base': SlantFont/ExtendFont c
an be used only with embedded Type1 fonts


pdfTeX warning: pdflatex (file /mnt/texlive-var/fonts/map/pdftex/updmap/pdftex.
map): invalid entry for `PTSerif-Slanted-tlf-t2c--base': SlantFont/ExtendFont c
an be used only with embedded Type1 fonts


pdfTeX warning: pdflatex (file /mnt/texlive-var/fonts/map/pdftex/updmap/pdftex.
map): invalid entry for `PTSerif-Slanted-tlf-ts1--base': SlantFont/ExtendFont c
an be used only with embedded Type1 fonts


pdfTeX warning: pdflatex (file /mnt/texlive-var/fonts/map/pdftex/updmap/pdftex.
map): invalid entry for `PTSerif-Slanted-tlf-x2--base': SlantFont/ExtendFont ca
n be used only with embedded Type1 fonts


pdfTeX warning: pdflatex (file /mnt/texlive-var/fonts/map/pdftex/updmap/pdftex.
map): invalid entry for `PTSerif-UprightItalic-tlf-il2': SlantFont/ExtendFont c
an be used only with embedded Type1 fonts


pdfTeX warning: pdflatex (file /mnt/texlive-var/fonts/map/pdftex/updmap/pdftex.
map): invalid entry for `PTSerif-UprightItalic-tlf-ot1': SlantFont/ExtendFont c
an be used only with embedded Type1 fonts


pdfTeX warning: pdflatex (file /mnt/texlive-var/fonts/map/pdftex/updmap/pdftex.
map): invalid entry for `PTSerif-UprightItalic-tlf-t1--base': SlantFont/ExtendF
ont can be used only with embedded Type1 fonts


pdfTeX warning: pdflatex (file /mnt/texlive-var/fonts/map/pdftex/updmap/pdftex.
map): invalid entry for `PTSerif-UprightItalic-tlf-t2a--base': SlantFont/Extend
Font can be used only with embedded Type1 fonts


pdfTeX warning: pdflatex (file /mnt/texlive-var/fonts/map/pdftex/updmap/pdftex.
map): invalid entry for `PTSerif-UprightItalic-tlf-t2b--base': SlantFont/Extend
Font can be used only with embedded Type1 fonts


pdfTeX warning: pdflatex (file /mnt/texlive-var/fonts/map/pdftex/updmap/pdftex.
map): invalid entry for `PTSerif-UprightItalic-tlf-t2c--base': SlantFont/Extend
Font can be used only with embedded Type1 fonts


pdfTeX warning: pdflatex (file /mnt/texlive-var/fonts/map/pdftex/updmap/pdftex.
map): invalid entry for `PTSerif-UprightItalic-tlf-ts1--base': SlantFont/Extend
Font can be used only with embedded Type1 fonts


pdfTeX warning: pdflatex (file /mnt/texlive-var/fonts/map/pdftex/updmap/pdftex.
map): invalid entry for `PTSerif-UprightItalic-tlf-x2--base': SlantFont/ExtendF
ont can be used only with embedded Type1 fonts
}] (./annotation.tex) (./paper.toc) [2] (./intro.tex
LaTeX Font Info:    Try loading font information for OMS+cmr on input line 7.

(/mnt/texlive/texmf-dist/tex/latex/base/omscmr.fd
File: omscmr.fd 1999/05/25 v2.5h Standard LaTeX font definitions
)
LaTeX Font Info:    Font shape `OMS/cmr/m/n' in size <12> not available
(Font)              Font shape `OMS/cmsy/m/n' tried instead on input line 7.
) (./sect1.tex
LaTeX Font Info:    Try loading font information for T2A+cmtt on input line 8.

(/mnt/texlive/texmf-dist/tex/latex/cyrillic/t2acmtt.fd
File: t2acmtt.fd 2001/08/11 v1.0a Computer Modern Cyrillic font definitions
)
Overfull \hbox (58.50307pt too wide) in paragraph at lines 17--19
\T2A/cmr/m/n/12  $[]\OMS/cmsy/m/n/12 f\OML/cmm/m/it/12 X[]\OT1/cmr/m/n/12 ;
 \OML/cmm/m/it/12 Y[]\OMS/cmsy/m/n/12 g$ \T2A/cmr/m/n/12  $[]\OMS/cmsy/m/n/12 
f\OML/cmm/m/it/12 X[]\OT1/cmr/m/n/12 ; \OML/cmm/m/it/12 Y[]\OMS/cmsy/m/n/12 g$\
T2A/cmr/m/n/12 ,  -- ----  -- $[] \OMS/cmsy/
m/n/12 ^^A [] \OT1/cmr/m/n/12 = \OML/cmm/m/it/12 X[]X[] \OT1/cmr/m/n/12 + \OML/
cmm/m/it/12 Y[]Y[]$\T2A/cmr/m/n/12 ,
 []

[3]
Overfull \hbox (37.27827pt too wide) in paragraph at lines 73--73
[]    \T2A/cmtt/m/n/10.95 #     -  , 
    [] 
 []

[4] <images/1.png, id=66, 511.9125pt x 348.30125pt>
File: images/1.png Graphic file (type png)
 <use images/1.png>
Package pdftex.def Info: images/1.png used on input line 113.
(pdftex.def)             Requested size: 307.14987pt x 208.98236pt.

<images/2.png, id=67, 620.3175pt x 637.38126pt>
File: images/2.png Graphic file (type png)
 <use images/2.png>
Package pdftex.def Info: images/2.png used on input line 123.
(pdftex.def)             Requested size: 372.19337pt x 382.4317pt.
)
(./sect2.tex [5 <./images/1.png (PNG copy)>] [6 <./images/2.png (PNG copy)>]
[7] <images/5.png, id=88, 511.9125pt x 346.29375pt>
File: images/5.png Graphic file (type png)
 <use images/5.png>
Package pdftex.def Info: images/5.png used on input line 88.
(pdftex.def)             Requested size: 307.14987pt x 207.77785pt.

<images/4.png, id=89, 614.295pt x 629.35126pt>
File: images/4.png Graphic file (type png)
 <use images/4.png>
Package pdftex.def Info: images/4.png used on input line 98.
(pdftex.def)             Requested size: 245.71364pt x 251.73604pt.
) [8 <./images/5.png (PNG copy)> <./images/4.png (PNG copy)>] (./bib.tex
bibitemlist
) [9]
\tf@toc=\write6
\openout6 = `paper.toc'.

Package atveryend Info: Empty hook `BeforeClearDocument' on input line 25.
Package atveryend Info: Empty hook `AfterLastShipout' on input line 25.
 (./paper.aux)
Package atveryend Info: Executing hook `AtVeryEndDocument' on input line 25.
Package atveryend Info: Executing hook `AtEndAfterFileList' on input line 25.
Package rerunfilecheck Info: File `paper.out' has not changed.
(rerunfilecheck)             Checksum: FE0195B870FA868A35D8859D61F914B1;983.
 ) 
Here is how much of TeX's memory you used:
 20217 strings out of 493625
 311395 string characters out of 3147888
 437209 words of memory out of 3000000
 23019 multiletter control sequences out of 15000+200000
 29572 words of font info for 79 fonts, out of 3000000 for 9000
 831 hyphenation exceptions out of 8191
 61i,12n,55p,931b,509s stack positions out of 5000i,500n,10000p,200000b,50000s
{/mnt/texlive/texmf-dist/fonts/enc/dvips/cm-super/cm-super-t2a.enc}</mnt/texl
ive/texmf-dist/fonts/type1/public/amsfonts/cm/cmex10.pfb></mnt/texlive/texmf-di
st/fonts/type1/public/amsfonts/cm/cmmi12.pfb></mnt/texlive/texmf-dist/fonts/typ
e1/public/amsfonts/cm/cmmi8.pfb></mnt/texlive/texmf-dist/fonts/type1/public/ams
fonts/cm/cmr12.pfb></mnt/texlive/texmf-dist/fonts/type1/public/amsfonts/cm/cmr8
.pfb></mnt/texlive/texmf-dist/fonts/type1/public/amsfonts/cm/cmsy10.pfb></mnt/t
exlive/texmf-dist/fonts/type1/public/amsfonts/cm/cmsy8.pfb></mnt/texlive/texmf-
dist/fonts/type1/public/cm-super/sfbx1440.pfb></mnt/texlive/texmf-dist/fonts/ty
pe1/public/cm-super/sfbx1728.pfb></mnt/texlive/texmf-dist/fonts/type1/public/cm
-super/sfbx2074.pfb></mnt/texlive/texmf-dist/fonts/type1/public/cm-super/sfcc12
00.pfb></mnt/texlive/texmf-dist/fonts/type1/public/cm-super/sfrm1095.pfb></mnt/
texlive/texmf-dist/fonts/type1/public/cm-super/sfrm1200.pfb></mnt/texlive/texmf
-dist/fonts/type1/public/cm-super/sfrm1440.pfb></mnt/texlive/texmf-dist/fonts/t
ype1/public/cm-super/sfti1095.pfb></mnt/texlive/texmf-dist/fonts/type1/public/c
m-super/sfti1200.pfb></mnt/texlive/texmf-dist/fonts/type1/public/cm-super/sftt1
095.pfb></mnt/texlive/texmf-dist/fonts/type1/public/cm-super/sftt1200.pfb></mnt
/texlive/texmf-dist/fonts/type1/public/cm-super/sfxc1095.pfb>
Output written on paper.pdf (9 pages, 3706823 bytes).
PDF statistics:
 178 PDF objects out of 1000 (max. 8388607)
 137 compressed objects within 2 object streams
 32 named destinations out of 1000 (max. 500000)
 77 words of extra memory for PDF output out of 10000 (max. 10000000)

